<?xml version="1.0" encoding="UTF-8" standalone="yes"?>
<!DOCTYPE report PUBLIC "-//JACOCO//DTD Report 1.1//EN" "report.dtd">
<report name="account-service">
  <sessioninfo id="74e6ac689141-65cf072e" start="1572383478851" dump="1572383482613"/>
  <package name="com/equisoft/accountservice/domain/service">
    <class name="com/equisoft/accountservice/domain/service/ServiceAccess" sourcefilename="ServiceAccess.kt"/>
    <class name="com/equisoft/accountservice/domain/service/CPanelAccess" sourcefilename="ServiceAccess.kt">
      <method name="&lt;init&gt;" desc="()V" line="20">
        <counter type="INSTRUCTION" missed="0" covered="4"/>
        <counter type="LINE" missed="0" covered="1"/>
        <counter type="COMPLEXITY" missed="0" covered="1"/>
        <counter type="METHOD" missed="0" covered="1"/>
      </method>
      <counter type="INSTRUCTION" missed="0" covered="4"/>
      <counter type="LINE" missed="0" covered="1"/>
      <counter type="COMPLEXITY" missed="0" covered="1"/>
      <counter type="METHOD" missed="0" covered="1"/>
      <counter type="CLASS" missed="0" covered="1"/>
    </class>
    <class name="com/equisoft/accountservice/domain/service/EquisoftPlanAccess" sourcefilename="ServiceAccess.kt">
      <method name="getDatabase" desc="()Lcom/equisoft/accountservice/domain/service/Database;" line="14">
        <counter type="INSTRUCTION" missed="3" covered="0"/>
        <counter type="LINE" missed="1" covered="0"/>
        <counter type="COMPLEXITY" missed="1" covered="0"/>
        <counter type="METHOD" missed="1" covered="0"/>
      </method>
      <method name="getLocalUserId" desc="()Lcom/equisoft/accountservice/domain/Id;" line="15">
        <counter type="INSTRUCTION" missed="3" covered="0"/>
        <counter type="LINE" missed="1" covered="0"/>
        <counter type="COMPLEXITY" missed="1" covered="0"/>
        <counter type="METHOD" missed="1" covered="0"/>
      </method>
      <method name="&lt;init&gt;" desc="()V" line="13">
        <counter type="INSTRUCTION" missed="13" covered="0"/>
        <counter type="LINE" missed="3" covered="0"/>
        <counter type="COMPLEXITY" missed="1" covered="0"/>
        <counter type="METHOD" missed="1" covered="0"/>
      </method>
      <counter type="INSTRUCTION" missed="19" covered="0"/>
      <counter type="LINE" missed="3" covered="0"/>
      <counter type="COMPLEXITY" missed="3" covered="0"/>
      <counter type="METHOD" missed="3" covered="0"/>
      <counter type="CLASS" missed="1" covered="0"/>
    </class>
    <class name="com/equisoft/accountservice/domain/service/Database" sourcefilename="Database.kt">
      <method name="getId" desc="()Lcom/equisoft/accountservice/domain/Id;" line="6">
        <counter type="INSTRUCTION" missed="3" covered="0"/>
        <counter type="LINE" missed="1" covered="0"/>
        <counter type="COMPLEXITY" missed="1" covered="0"/>
        <counter type="METHOD" missed="1" covered="0"/>
      </method>
      <method name="getName" desc="()Ljava/lang/String;" line="7">
        <counter type="INSTRUCTION" missed="3" covered="0"/>
        <counter type="LINE" missed="1" covered="0"/>
        <counter type="COMPLEXITY" missed="1" covered="0"/>
        <counter type="METHOD" missed="1" covered="0"/>
      </method>
      <method name="getState" desc="()Lcom/equisoft/accountservice/domain/service/DatabaseState;" line="8">
        <counter type="INSTRUCTION" missed="3" covered="0"/>
        <counter type="LINE" missed="1" covered="0"/>
        <counter type="COMPLEXITY" missed="1" covered="0"/>
        <counter type="METHOD" missed="1" covered="0"/>
      </method>
      <method name="&lt;init&gt;" desc="()V" line="5">
        <counter type="INSTRUCTION" missed="0" covered="13"/>
        <counter type="LINE" missed="0" covered="4"/>
        <counter type="COMPLEXITY" missed="0" covered="1"/>
        <counter type="METHOD" missed="0" covered="1"/>
      </method>
      <counter type="INSTRUCTION" missed="9" covered="13"/>
      <counter type="LINE" missed="0" covered="4"/>
      <counter type="COMPLEXITY" missed="3" covered="1"/>
      <counter type="METHOD" missed="3" covered="1"/>
      <counter type="CLASS" missed="0" covered="1"/>
    </class>
    <class name="com/equisoft/accountservice/domain/service/DatabaseState" sourcefilename="DatabaseState.kt"/>
    <class name="com/equisoft/accountservice/domain/service/EquisoftAnalyzeForAdvisorsAccess" sourcefilename="ServiceAccess.kt">
      <method name="&lt;init&gt;" desc="()V" line="18">
        <counter type="INSTRUCTION" missed="4" covered="0"/>
        <counter type="LINE" missed="1" covered="0"/>
        <counter type="COMPLEXITY" missed="1" covered="0"/>
        <counter type="METHOD" missed="1" covered="0"/>
      </method>
      <counter type="INSTRUCTION" missed="4" covered="0"/>
      <counter type="LINE" missed="1" covered="0"/>
      <counter type="COMPLEXITY" missed="1" covered="0"/>
      <counter type="METHOD" missed="1" covered="0"/>
      <counter type="CLASS" missed="1" covered="0"/>
    </class>
    <class name="com/equisoft/accountservice/domain/service/EquisoftConnectAccess" sourcefilename="ServiceAccess.kt">
      <method name="getDatabase" desc="()Lcom/equisoft/accountservice/domain/service/Database;" line="8">
        <counter type="INSTRUCTION" missed="3" covered="0"/>
        <counter type="LINE" missed="1" covered="0"/>
        <counter type="COMPLEXITY" missed="1" covered="0"/>
        <counter type="METHOD" missed="1" covered="0"/>
      </method>
      <method name="getLocalUserId" desc="()Lcom/equisoft/accountservice/domain/Id;" line="9">
        <counter type="INSTRUCTION" missed="3" covered="0"/>
        <counter type="LINE" missed="1" covered="0"/>
        <counter type="COMPLEXITY" missed="1" covered="0"/>
        <counter type="METHOD" missed="1" covered="0"/>
      </method>
      <method name="getMaxConcurrentAccess" desc="()I" line="10">
        <counter type="INSTRUCTION" missed="0" covered="3"/>
        <counter type="LINE" missed="0" covered="1"/>
        <counter type="COMPLEXITY" missed="0" covered="1"/>
        <counter type="METHOD" missed="0" covered="1"/>
      </method>
      <method name="setMaxConcurrentAccess" desc="(I)V" line="10">
        <counter type="INSTRUCTION" missed="0" covered="4"/>
        <counter type="LINE" missed="0" covered="1"/>
        <counter type="COMPLEXITY" missed="0" covered="1"/>
        <counter type="METHOD" missed="0" covered="1"/>
      </method>
      <method name="&lt;init&gt;" desc="()V" line="7">
        <counter type="INSTRUCTION" missed="0" covered="16"/>
        <counter type="LINE" missed="0" covered="4"/>
        <counter type="COMPLEXITY" missed="0" covered="1"/>
        <counter type="METHOD" missed="0" covered="1"/>
      </method>
      <counter type="INSTRUCTION" missed="6" covered="23"/>
      <counter type="LINE" missed="0" covered="4"/>
      <counter type="COMPLEXITY" missed="2" covered="3"/>
      <counter type="METHOD" missed="2" covered="3"/>
      <counter type="CLASS" missed="0" covered="1"/>
    </class>
    <sourcefile name="DatabaseState.kt"/>
    <sourcefile name="Database.kt">
      <line nr="5" mi="0" ci="2" mb="0" cb="0"/>
      <line nr="6" mi="3" ci="4" mb="0" cb="0"/>
      <line nr="7" mi="3" ci="3" mb="0" cb="0"/>
      <line nr="8" mi="3" ci="4" mb="0" cb="0"/>
      <counter type="INSTRUCTION" missed="9" covered="13"/>
      <counter type="LINE" missed="0" covered="4"/>
      <counter type="COMPLEXITY" missed="3" covered="1"/>
      <counter type="METHOD" missed="3" covered="1"/>
      <counter type="CLASS" missed="0" covered="1"/>
    </sourcefile>
    <sourcefile name="ServiceAccess.kt">
      <line nr="7" mi="0" ci="3" mb="0" cb="0"/>
      <line nr="8" mi="3" ci="5" mb="0" cb="0"/>
      <line nr="9" mi="3" ci="4" mb="0" cb="0"/>
      <line nr="10" mi="0" ci="11" mb="0" cb="0"/>
      <line nr="13" mi="3" ci="0" mb="0" cb="0"/>
      <line nr="14" mi="8" ci="0" mb="0" cb="0"/>
      <line nr="15" mi="8" ci="0" mb="0" cb="0"/>
      <line nr="18" mi="4" ci="0" mb="0" cb="0"/>
      <line nr="20" mi="0" ci="4" mb="0" cb="0"/>
      <counter type="INSTRUCTION" missed="29" covered="27"/>
      <counter type="LINE" missed="4" covered="5"/>
      <counter type="COMPLEXITY" missed="6" covered="4"/>
      <counter type="METHOD" missed="6" covered="4"/>
      <counter type="CLASS" missed="2" covered="2"/>
    </sourcefile>
    <counter type="INSTRUCTION" missed="38" covered="40"/>
    <counter type="LINE" missed="4" covered="9"/>
    <counter type="COMPLEXITY" missed="9" covered="5"/>
    <counter type="METHOD" missed="9" covered="5"/>
    <counter type="CLASS" missed="2" covered="3"/>
  </package>
  <package name="com/equisoft/accountservice/interfaces/http/rest/session/schema">
    <class name="com/equisoft/accountservice/interfaces/http/rest/session/schema/ImpersonatePayloadSchema" sourcefilename="ImpersonatePayloadSchema.kt">
      <method name="getUserUuid" desc="()Ljava/lang/String;" line="10">
        <counter type="INSTRUCTION" missed="3" covered="0"/>
        <counter type="LINE" missed="1" covered="0"/>
        <counter type="COMPLEXITY" missed="1" covered="0"/>
        <counter type="METHOD" missed="1" covered="0"/>
      </method>
      <method name="&lt;init&gt;" desc="(Ljava/lang/String;)V" line="7">
        <counter type="INSTRUCTION" missed="9" covered="0"/>
        <counter type="LINE" missed="1" covered="0"/>
        <counter type="COMPLEXITY" missed="1" covered="0"/>
        <counter type="METHOD" missed="1" covered="0"/>
      </method>
      <counter type="INSTRUCTION" missed="12" covered="0"/>
      <counter type="LINE" missed="2" covered="0"/>
      <counter type="COMPLEXITY" missed="2" covered="0"/>
      <counter type="METHOD" missed="2" covered="0"/>
      <counter type="CLASS" missed="1" covered="0"/>
    </class>
    <class name="com/equisoft/accountservice/interfaces/http/rest/session/schema/SessionSchema" sourcefilename="SessionSchema.kt">
      <method name="getSessionId" desc="()Ljava/lang/String;" line="11">
        <counter type="INSTRUCTION" missed="3" covered="0"/>
        <counter type="LINE" missed="1" covered="0"/>
        <counter type="COMPLEXITY" missed="1" covered="0"/>
        <counter type="METHOD" missed="1" covered="0"/>
      </method>
      <method name="getState" desc="()Lcom/equisoft/accountservice/interfaces/http/rest/session/schema/SessionStateSchema;" line="12">
        <counter type="INSTRUCTION" missed="3" covered="0"/>
        <counter type="LINE" missed="1" covered="0"/>
        <counter type="COMPLEXITY" missed="1" covered="0"/>
        <counter type="METHOD" missed="1" covered="0"/>
      </method>
      <method name="getCreated" desc="()Ljava/time/OffsetDateTime;" line="14">
        <counter type="INSTRUCTION" missed="3" covered="0"/>
        <counter type="LINE" missed="1" covered="0"/>
        <counter type="COMPLEXITY" missed="1" covered="0"/>
        <counter type="METHOD" missed="1" covered="0"/>
      </method>
      <method name="getExpire" desc="()Ljava/time/OffsetDateTime;" line="15">
        <counter type="INSTRUCTION" missed="3" covered="0"/>
        <counter type="LINE" missed="1" covered="0"/>
        <counter type="COMPLEXITY" missed="1" covered="0"/>
        <counter type="METHOD" missed="1" covered="0"/>
      </method>
      <method name="getUser" desc="()Lcom/equisoft/accountservice/interfaces/http/rest/account/schema/UserAccountSchema;" line="17">
        <counter type="INSTRUCTION" missed="3" covered="0"/>
        <counter type="LINE" missed="1" covered="0"/>
        <counter type="COMPLEXITY" missed="1" covered="0"/>
        <counter type="METHOD" missed="1" covered="0"/>
      </method>
      <method name="getActor" desc="()Lcom/equisoft/accountservice/interfaces/http/rest/account/schema/UserAccountSchema;" line="19">
        <counter type="INSTRUCTION" missed="3" covered="0"/>
        <counter type="LINE" missed="1" covered="0"/>
        <counter type="COMPLEXITY" missed="1" covered="0"/>
        <counter type="METHOD" missed="1" covered="0"/>
      </method>
      <method name="getSso" desc="()Lcom/equisoft/accountservice/interfaces/http/rest/session/schema/SsoProviderSchema;" line="21">
        <counter type="INSTRUCTION" missed="3" covered="0"/>
        <counter type="LINE" missed="1" covered="0"/>
        <counter type="COMPLEXITY" missed="1" covered="0"/>
        <counter type="METHOD" missed="1" covered="0"/>
      </method>
      <method name="getEnabledForEquisoftConnect" desc="()Z" line="24">
        <counter type="INSTRUCTION" missed="3" covered="0"/>
        <counter type="LINE" missed="1" covered="0"/>
        <counter type="COMPLEXITY" missed="1" covered="0"/>
        <counter type="METHOD" missed="1" covered="0"/>
      </method>
      <method name="getMobile" desc="()Z" line="27">
        <counter type="INSTRUCTION" missed="3" covered="0"/>
        <counter type="LINE" missed="1" covered="0"/>
        <counter type="COMPLEXITY" missed="1" covered="0"/>
        <counter type="METHOD" missed="1" covered="0"/>
      </method>
      <method name="&lt;init&gt;" desc="(Ljava/lang/String;Lcom/equisoft/accountservice/interfaces/http/rest/session/schema/SessionStateSchema;Ljava/time/OffsetDateTime;Ljava/time/OffsetDateTime;Lcom/equisoft/accountservice/interfaces/http/rest/account/schema/UserAccountSchema;Lcom/equisoft/accountservice/interfaces/http/rest/account/schema/UserAccountSchema;Lcom/equisoft/accountservice/interfaces/http/rest/session/schema/SsoProviderSchema;ZZ)V" line="9">
        <counter type="INSTRUCTION" missed="45" covered="0"/>
        <counter type="LINE" missed="1" covered="0"/>
        <counter type="COMPLEXITY" missed="1" covered="0"/>
        <counter type="METHOD" missed="1" covered="0"/>
      </method>
      <counter type="INSTRUCTION" missed="72" covered="0"/>
      <counter type="LINE" missed="10" covered="0"/>
      <counter type="COMPLEXITY" missed="10" covered="0"/>
      <counter type="METHOD" missed="10" covered="0"/>
      <counter type="CLASS" missed="1" covered="0"/>
    </class>
    <class name="com/equisoft/accountservice/interfaces/http/rest/session/schema/SessionStateSchema$Companion" sourcefilename="SessionStateSchema.kt">
      <method name="forState" desc="(Lcom/equisoft/accountservice/domain/session/SessionState;)Lcom/equisoft/accountservice/interfaces/http/rest/session/schema/SessionStateSchema;" line="25">
        <counter type="INSTRUCTION" missed="20" covered="0"/>
        <counter type="BRANCH" missed="5" covered="0"/>
        <counter type="LINE" missed="6" covered="0"/>
        <counter type="COMPLEXITY" missed="5" covered="0"/>
        <counter type="METHOD" missed="1" covered="0"/>
      </method>
      <counter type="INSTRUCTION" missed="20" covered="0"/>
      <counter type="BRANCH" missed="5" covered="0"/>
      <counter type="LINE" missed="6" covered="0"/>
      <counter type="COMPLEXITY" missed="5" covered="0"/>
      <counter type="METHOD" missed="1" covered="0"/>
      <counter type="CLASS" missed="1" covered="0"/>
    </class>
    <class name="com/equisoft/accountservice/interfaces/http/rest/session/schema/SessionStateSchema" sourcefilename="SessionStateSchema.kt"/>
    <class name="com/equisoft/accountservice/interfaces/http/rest/session/schema/SsoTokenSchema" sourcefilename="SsoTokenSchema.kt">
      <method name="getId" desc="()Ljava/lang/String;" line="12">
        <counter type="INSTRUCTION" missed="3" covered="0"/>
        <counter type="LINE" missed="1" covered="0"/>
        <counter type="COMPLEXITY" missed="1" covered="0"/>
        <counter type="METHOD" missed="1" covered="0"/>
      </method>
      <method name="getValue" desc="()Ljava/lang/String;" line="15">
        <counter type="INSTRUCTION" missed="3" covered="0"/>
        <counter type="LINE" missed="1" covered="0"/>
        <counter type="COMPLEXITY" missed="1" covered="0"/>
        <counter type="METHOD" missed="1" covered="0"/>
      </method>
      <method name="&lt;init&gt;" desc="(Ljava/lang/String;Ljava/lang/String;)V" line="6">
        <counter type="INSTRUCTION" missed="15" covered="0"/>
        <counter type="LINE" missed="1" covered="0"/>
        <counter type="COMPLEXITY" missed="1" covered="0"/>
        <counter type="METHOD" missed="1" covered="0"/>
      </method>
      <counter type="INSTRUCTION" missed="21" covered="0"/>
      <counter type="LINE" missed="3" covered="0"/>
      <counter type="COMPLEXITY" missed="3" covered="0"/>
      <counter type="METHOD" missed="3" covered="0"/>
      <counter type="CLASS" missed="1" covered="0"/>
    </class>
    <class name="com/equisoft/accountservice/interfaces/http/rest/session/schema/SessionPayloadSchema" sourcefilename="SessionPayloadSchema.kt">
      <method name="getUserUuid" desc="()Ljava/lang/String;" line="10">
        <counter type="INSTRUCTION" missed="3" covered="0"/>
        <counter type="LINE" missed="1" covered="0"/>
        <counter type="COMPLEXITY" missed="1" covered="0"/>
        <counter type="METHOD" missed="1" covered="0"/>
      </method>
      <method name="getEnable" desc="()Z" line="12">
        <counter type="INSTRUCTION" missed="3" covered="0"/>
        <counter type="LINE" missed="1" covered="0"/>
        <counter type="COMPLEXITY" missed="1" covered="0"/>
        <counter type="METHOD" missed="1" covered="0"/>
      </method>
      <method name="getSso" desc="()Lcom/equisoft/accountservice/interfaces/http/rest/session/schema/SsoProviderSchema;" line="15">
        <counter type="INSTRUCTION" missed="3" covered="0"/>
        <counter type="LINE" missed="1" covered="0"/>
        <counter type="COMPLEXITY" missed="1" covered="0"/>
        <counter type="METHOD" missed="1" covered="0"/>
      </method>
      <method name="isPublicComputer" desc="()Z" line="18">
        <counter type="INSTRUCTION" missed="3" covered="0"/>
        <counter type="LINE" missed="1" covered="0"/>
        <counter type="COMPLEXITY" missed="1" covered="0"/>
        <counter type="METHOD" missed="1" covered="0"/>
      </method>
      <method name="isMobileDevice" desc="()Z" line="21">
        <counter type="INSTRUCTION" missed="3" covered="0"/>
        <counter type="LINE" missed="1" covered="0"/>
        <counter type="COMPLEXITY" missed="1" covered="0"/>
        <counter type="METHOD" missed="1" covered="0"/>
      </method>
      <method name="&lt;init&gt;" desc="(Ljava/lang/String;ZLcom/equisoft/accountservice/interfaces/http/rest/session/schema/SsoProviderSchema;ZZ)V" line="7">
        <counter type="INSTRUCTION" missed="21" covered="0"/>
        <counter type="LINE" missed="1" covered="0"/>
        <counter type="COMPLEXITY" missed="1" covered="0"/>
        <counter type="METHOD" missed="1" covered="0"/>
      </method>
      <counter type="INSTRUCTION" missed="36" covered="0"/>
      <counter type="LINE" missed="6" covered="0"/>
      <counter type="COMPLEXITY" missed="6" covered="0"/>
      <counter type="METHOD" missed="6" covered="0"/>
      <counter type="CLASS" missed="1" covered="0"/>
    </class>
    <class name="com/equisoft/accountservice/interfaces/http/rest/session/schema/EnableEquisoftConnectPayloadSchema" sourcefilename="EnableEquisoftConnectPayloadSchema.kt">
      <method name="getDisableOldestSessions" desc="()Ljava/lang/Boolean;" line="7">
        <counter type="INSTRUCTION" missed="3" covered="0"/>
        <counter type="LINE" missed="1" covered="0"/>
        <counter type="COMPLEXITY" missed="1" covered="0"/>
        <counter type="METHOD" missed="1" covered="0"/>
      </method>
      <method name="&lt;init&gt;" desc="(Ljava/lang/Boolean;)V" line="5">
        <counter type="INSTRUCTION" missed="6" covered="0"/>
        <counter type="LINE" missed="1" covered="0"/>
        <counter type="COMPLEXITY" missed="1" covered="0"/>
        <counter type="METHOD" missed="1" covered="0"/>
      </method>
      <counter type="INSTRUCTION" missed="9" covered="0"/>
      <counter type="LINE" missed="2" covered="0"/>
      <counter type="COMPLEXITY" missed="2" covered="0"/>
      <counter type="METHOD" missed="2" covered="0"/>
      <counter type="CLASS" missed="1" covered="0"/>
    </class>
    <class name="com/equisoft/accountservice/interfaces/http/rest/session/schema/SsoProviderSchema" sourcefilename="SsoProviderSchema.kt">
      <method name="getProvider" desc="()Ljava/lang/String;" line="9">
        <counter type="INSTRUCTION" missed="3" covered="0"/>
        <counter type="LINE" missed="1" covered="0"/>
        <counter type="COMPLEXITY" missed="1" covered="0"/>
        <counter type="METHOD" missed="1" covered="0"/>
      </method>
      <method name="getIdentifier" desc="()Ljava/lang/String;" line="12">
        <counter type="INSTRUCTION" missed="3" covered="0"/>
        <counter type="LINE" missed="1" covered="0"/>
        <counter type="COMPLEXITY" missed="1" covered="0"/>
        <counter type="METHOD" missed="1" covered="0"/>
      </method>
      <method name="&lt;init&gt;" desc="(Ljava/lang/String;Ljava/lang/String;)V" line="6">
        <counter type="INSTRUCTION" missed="15" covered="0"/>
        <counter type="LINE" missed="1" covered="0"/>
        <counter type="COMPLEXITY" missed="1" covered="0"/>
        <counter type="METHOD" missed="1" covered="0"/>
      </method>
      <counter type="INSTRUCTION" missed="21" covered="0"/>
      <counter type="LINE" missed="3" covered="0"/>
      <counter type="COMPLEXITY" missed="3" covered="0"/>
      <counter type="METHOD" missed="3" covered="0"/>
      <counter type="CLASS" missed="1" covered="0"/>
    </class>
    <sourcefile name="ImpersonatePayloadSchema.kt">
      <line nr="7" mi="6" ci="0" mb="0" cb="0"/>
      <line nr="10" mi="3" ci="0" mb="0" cb="0"/>
      <counter type="INSTRUCTION" missed="12" covered="0"/>
      <counter type="LINE" missed="2" covered="0"/>
      <counter type="COMPLEXITY" missed="2" covered="0"/>
      <counter type="METHOD" missed="2" covered="0"/>
      <counter type="CLASS" missed="1" covered="0"/>
    </sourcefile>
    <sourcefile name="SsoProviderSchema.kt">
      <line nr="6" mi="9" ci="0" mb="0" cb="0"/>
      <line nr="9" mi="3" ci="0" mb="0" cb="0"/>
      <line nr="12" mi="3" ci="0" mb="0" cb="0"/>
      <counter type="INSTRUCTION" missed="21" covered="0"/>
      <counter type="LINE" missed="3" covered="0"/>
      <counter type="COMPLEXITY" missed="3" covered="0"/>
      <counter type="METHOD" missed="3" covered="0"/>
      <counter type="CLASS" missed="1" covered="0"/>
    </sourcefile>
    <sourcefile name="SessionPayloadSchema.kt">
      <line nr="7" mi="18" ci="0" mb="0" cb="0"/>
      <line nr="10" mi="3" ci="0" mb="0" cb="0"/>
      <line nr="12" mi="3" ci="0" mb="0" cb="0"/>
      <line nr="15" mi="3" ci="0" mb="0" cb="0"/>
      <line nr="18" mi="3" ci="0" mb="0" cb="0"/>
      <line nr="21" mi="3" ci="0" mb="0" cb="0"/>
      <counter type="INSTRUCTION" missed="36" covered="0"/>
      <counter type="LINE" missed="6" covered="0"/>
      <counter type="COMPLEXITY" missed="6" covered="0"/>
      <counter type="METHOD" missed="6" covered="0"/>
      <counter type="CLASS" missed="1" covered="0"/>
    </sourcefile>
    <sourcefile name="SsoTokenSchema.kt">
      <line nr="6" mi="9" ci="0" mb="0" cb="0"/>
      <line nr="12" mi="3" ci="0" mb="0" cb="0"/>
      <line nr="15" mi="3" ci="0" mb="0" cb="0"/>
      <counter type="INSTRUCTION" missed="21" covered="0"/>
      <counter type="LINE" missed="3" covered="0"/>
      <counter type="COMPLEXITY" missed="3" covered="0"/>
      <counter type="METHOD" missed="3" covered="0"/>
      <counter type="CLASS" missed="1" covered="0"/>
    </sourcefile>
    <sourcefile name="SessionStateSchema.kt">
      <line nr="25" mi="7" ci="0" mb="5" cb="0"/>
      <line nr="26" mi="2" ci="0" mb="0" cb="0"/>
      <line nr="27" mi="2" ci="0" mb="0" cb="0"/>
      <line nr="28" mi="2" ci="0" mb="0" cb="0"/>
      <line nr="29" mi="2" ci="0" mb="0" cb="0"/>
      <line nr="30" mi="2" ci="0" mb="0" cb="0"/>
      <counter type="INSTRUCTION" missed="20" covered="0"/>
      <counter type="BRANCH" missed="5" covered="0"/>
      <counter type="LINE" missed="6" covered="0"/>
      <counter type="COMPLEXITY" missed="5" covered="0"/>
      <counter type="METHOD" missed="1" covered="0"/>
      <counter type="CLASS" missed="1" covered="0"/>
    </sourcefile>
    <sourcefile name="EnableEquisoftConnectPayloadSchema.kt">
      <line nr="5" mi="6" ci="0" mb="0" cb="0"/>
      <line nr="7" mi="3" ci="0" mb="0" cb="0"/>
      <counter type="INSTRUCTION" missed="9" covered="0"/>
      <counter type="LINE" missed="2" covered="0"/>
      <counter type="COMPLEXITY" missed="2" covered="0"/>
      <counter type="METHOD" missed="2" covered="0"/>
      <counter type="CLASS" missed="1" covered="0"/>
    </sourcefile>
    <sourcefile name="SessionSchema.kt">
      <line nr="9" mi="30" ci="0" mb="0" cb="0"/>
      <line nr="11" mi="3" ci="0" mb="0" cb="0"/>
      <line nr="12" mi="3" ci="0" mb="0" cb="0"/>
      <line nr="14" mi="3" ci="0" mb="0" cb="0"/>
      <line nr="15" mi="3" ci="0" mb="0" cb="0"/>
      <line nr="17" mi="3" ci="0" mb="0" cb="0"/>
      <line nr="19" mi="3" ci="0" mb="0" cb="0"/>
      <line nr="21" mi="3" ci="0" mb="0" cb="0"/>
      <line nr="24" mi="3" ci="0" mb="0" cb="0"/>
      <line nr="27" mi="3" ci="0" mb="0" cb="0"/>
      <counter type="INSTRUCTION" missed="72" covered="0"/>
      <counter type="LINE" missed="10" covered="0"/>
      <counter type="COMPLEXITY" missed="10" covered="0"/>
      <counter type="METHOD" missed="10" covered="0"/>
      <counter type="CLASS" missed="1" covered="0"/>
    </sourcefile>
    <counter type="INSTRUCTION" missed="191" covered="0"/>
    <counter type="BRANCH" missed="5" covered="0"/>
    <counter type="LINE" missed="32" covered="0"/>
    <counter type="COMPLEXITY" missed="31" covered="0"/>
    <counter type="METHOD" missed="27" covered="0"/>
    <counter type="CLASS" missed="7" covered="0"/>
  </package>
  <package name="com/equisoft/accountservice/domain/exceptions">
    <class name="com/equisoft/accountservice/domain/exceptions/UnauthorizedException" sourcefilename="UnauthorizedException.kt">
      <method name="&lt;init&gt;" desc="(Ljava/lang/String;)V" line="3">
        <counter type="INSTRUCTION" missed="0" covered="7"/>
        <counter type="LINE" missed="0" covered="1"/>
        <counter type="COMPLEXITY" missed="0" covered="1"/>
        <counter type="METHOD" missed="0" covered="1"/>
      </method>
      <counter type="INSTRUCTION" missed="0" covered="7"/>
      <counter type="LINE" missed="0" covered="1"/>
      <counter type="COMPLEXITY" missed="0" covered="1"/>
      <counter type="METHOD" missed="0" covered="1"/>
      <counter type="CLASS" missed="0" covered="1"/>
    </class>
    <sourcefile name="UnauthorizedException.kt">
      <line nr="3" mi="0" ci="4" mb="0" cb="0"/>
      <counter type="INSTRUCTION" missed="0" covered="7"/>
      <counter type="LINE" missed="0" covered="1"/>
      <counter type="COMPLEXITY" missed="0" covered="1"/>
      <counter type="METHOD" missed="0" covered="1"/>
      <counter type="CLASS" missed="0" covered="1"/>
    </sourcefile>
    <counter type="INSTRUCTION" missed="0" covered="7"/>
    <counter type="LINE" missed="0" covered="1"/>
    <counter type="COMPLEXITY" missed="0" covered="1"/>
    <counter type="METHOD" missed="0" covered="1"/>
    <counter type="CLASS" missed="0" covered="1"/>
  </package>
  <package name="com/equisoft/accountservice/interfaces/job/session">
    <class name="com/equisoft/accountservice/interfaces/job/session/SessionJob" sourcefilename="SessionJob.kt">
      <method name="deleteExpiredSessions" desc="()V" line="20">
        <counter type="INSTRUCTION" missed="7" covered="0"/>
        <counter type="LINE" missed="2" covered="0"/>
        <counter type="COMPLEXITY" missed="1" covered="0"/>
        <counter type="METHOD" missed="1" covered="0"/>
      </method>
      <method name="&lt;init&gt;" desc="(Lcom/equisoft/accountservice/application/session/SessionService;)V" line="11">
        <counter type="INSTRUCTION" missed="9" covered="0"/>
        <counter type="LINE" missed="1" covered="0"/>
        <counter type="COMPLEXITY" missed="1" covered="0"/>
        <counter type="METHOD" missed="1" covered="0"/>
      </method>
      <counter type="INSTRUCTION" missed="16" covered="0"/>
      <counter type="LINE" missed="3" covered="0"/>
      <counter type="COMPLEXITY" missed="2" covered="0"/>
      <counter type="METHOD" missed="2" covered="0"/>
      <counter type="CLASS" missed="1" covered="0"/>
    </class>
    <sourcefile name="SessionJob.kt">
      <line nr="11" mi="6" ci="0" mb="0" cb="0"/>
      <line nr="20" mi="6" ci="0" mb="0" cb="0"/>
      <line nr="21" mi="1" ci="0" mb="0" cb="0"/>
      <counter type="INSTRUCTION" missed="16" covered="0"/>
      <counter type="LINE" missed="3" covered="0"/>
      <counter type="COMPLEXITY" missed="2" covered="0"/>
      <counter type="METHOD" missed="2" covered="0"/>
      <counter type="CLASS" missed="1" covered="0"/>
    </sourcefile>
    <counter type="INSTRUCTION" missed="16" covered="0"/>
    <counter type="LINE" missed="3" covered="0"/>
    <counter type="COMPLEXITY" missed="2" covered="0"/>
    <counter type="METHOD" missed="2" covered="0"/>
    <counter type="CLASS" missed="1" covered="0"/>
  </package>
  <package name="com/equisoft/accountservice/interfaces/http/rest/account">
    <class name="com/equisoft/accountservice/interfaces/http/rest/account/UserAccountController" sourcefilename="UserAccountController.kt">
      <method name="getUser" desc="(Ljava/lang/String;)Lcom/equisoft/accountservice/interfaces/http/rest/account/schema/UserAccountSchema;" line="40">
        <counter type="INSTRUCTION" missed="28" covered="0"/>
        <counter type="LINE" missed="2" covered="0"/>
        <counter type="COMPLEXITY" missed="1" covered="0"/>
        <counter type="METHOD" missed="1" covered="0"/>
      </method>
      <method name="deleteUserSessions" desc="(Ljava/lang/String;)V" line="50">
        <counter type="INSTRUCTION" missed="11" covered="0"/>
        <counter type="LINE" missed="1" covered="0"/>
        <counter type="COMPLEXITY" missed="1" covered="0"/>
        <counter type="METHOD" missed="1" covered="0"/>
      </method>
      <method name="&lt;init&gt;" desc="(Lcom/equisoft/accountservice/application/account/UserAccountService;Lcom/equisoft/accountservice/interfaces/http/rest/account/UserAccountConverter;)V" line="25">
        <counter type="INSTRUCTION" missed="15" covered="0"/>
        <counter type="LINE" missed="1" covered="0"/>
        <counter type="COMPLEXITY" missed="1" covered="0"/>
        <counter type="METHOD" missed="1" covered="0"/>
      </method>
      <counter type="INSTRUCTION" missed="54" covered="0"/>
      <counter type="LINE" missed="4" covered="0"/>
      <counter type="COMPLEXITY" missed="3" covered="0"/>
      <counter type="METHOD" missed="3" covered="0"/>
      <counter type="CLASS" missed="1" covered="0"/>
    </class>
    <class name="com/equisoft/accountservice/interfaces/http/rest/account/UserAccountConverter" sourcefilename="UserAccountConverter.kt">
      <method name="toDto" desc="(Lcom/equisoft/accountservice/domain/account/UserAccount;)Lcom/equisoft/accountservice/interfaces/http/rest/account/schema/UserAccountSchema;" line="19">
        <counter type="INSTRUCTION" missed="94" covered="0"/>
        <counter type="LINE" missed="14" covered="0"/>
        <counter type="COMPLEXITY" missed="1" covered="0"/>
        <counter type="METHOD" missed="1" covered="0"/>
      </method>
      <method name="mapState" desc="(Lcom/equisoft/accountservice/domain/account/UserState;)Lcom/equisoft/accountservice/interfaces/http/rest/account/schema/UserStateSchema;" line="37">
        <counter type="INSTRUCTION" missed="13" covered="0"/>
        <counter type="BRANCH" missed="3" covered="0"/>
        <counter type="LINE" missed="5" covered="0"/>
        <counter type="COMPLEXITY" missed="3" covered="0"/>
        <counter type="METHOD" missed="1" covered="0"/>
      </method>
      <method name="mapLanguage" desc="(Lcom/equisoft/accountservice/domain/account/UserAccount;)Ljava/lang/String;" line="44">
        <counter type="INSTRUCTION" missed="12" covered="0"/>
        <counter type="BRANCH" missed="2" covered="0"/>
        <counter type="LINE" missed="3" covered="0"/>
        <counter type="COMPLEXITY" missed="2" covered="0"/>
        <counter type="METHOD" missed="1" covered="0"/>
      </method>
      <method name="&lt;init&gt;" desc="(Lcom/equisoft/accountservice/interfaces/http/rest/service/ServiceAccessConverter;)V" line="15">
        <counter type="INSTRUCTION" missed="9" covered="0"/>
        <counter type="LINE" missed="1" covered="0"/>
        <counter type="COMPLEXITY" missed="1" covered="0"/>
        <counter type="METHOD" missed="1" covered="0"/>
      </method>
      <counter type="INSTRUCTION" missed="128" covered="0"/>
      <counter type="BRANCH" missed="5" covered="0"/>
      <counter type="LINE" missed="23" covered="0"/>
      <counter type="COMPLEXITY" missed="7" covered="0"/>
      <counter type="METHOD" missed="4" covered="0"/>
      <counter type="CLASS" missed="1" covered="0"/>
    </class>
    <sourcefile name="UserAccountController.kt">
      <line nr="25" mi="9" ci="0" mb="0" cb="0"/>
      <line nr="40" mi="5" ci="0" mb="0" cb="0"/>
      <line nr="41" mi="20" ci="0" mb="0" cb="0"/>
      <line nr="50" mi="8" ci="0" mb="0" cb="0"/>
      <counter type="INSTRUCTION" missed="54" covered="0"/>
      <counter type="LINE" missed="4" covered="0"/>
      <counter type="COMPLEXITY" missed="3" covered="0"/>
      <counter type="METHOD" missed="3" covered="0"/>
      <counter type="CLASS" missed="1" covered="0"/>
    </sourcefile>
    <sourcefile name="UserAccountConverter.kt">
      <line nr="15" mi="6" ci="0" mb="0" cb="0"/>
      <line nr="19" mi="30" ci="0" mb="0" cb="0"/>
      <line nr="20" mi="3" ci="0" mb="0" cb="0"/>
      <line nr="21" mi="3" ci="0" mb="0" cb="0"/>
      <line nr="22" mi="2" ci="0" mb="0" cb="0"/>
      <line nr="23" mi="2" ci="0" mb="0" cb="0"/>
      <line nr="24" mi="2" ci="0" mb="0" cb="0"/>
      <line nr="25" mi="3" ci="0" mb="0" cb="0"/>
      <line nr="26" mi="4" ci="0" mb="0" cb="0"/>
      <line nr="27" mi="2" ci="0" mb="0" cb="0"/>
      <line nr="28" mi="2" ci="0" mb="0" cb="0"/>
      <line nr="29" mi="2" ci="0" mb="0" cb="0"/>
      <line nr="30" mi="7" ci="0" mb="0" cb="0"/>
      <line nr="31" mi="2" ci="0" mb="0" cb="0"/>
      <line nr="32" mi="27" ci="0" mb="0" cb="0"/>
      <line nr="37" mi="6" ci="0" mb="3" cb="0"/>
      <line nr="38" mi="2" ci="0" mb="0" cb="0"/>
      <line nr="39" mi="2" ci="0" mb="0" cb="0"/>
      <line nr="40" mi="2" ci="0" mb="0" cb="0"/>
      <line nr="41" mi="1" ci="0" mb="0" cb="0"/>
      <line nr="44" mi="8" ci="0" mb="2" cb="0"/>
      <line nr="45" mi="2" ci="0" mb="0" cb="0"/>
      <line nr="46" mi="2" ci="0" mb="0" cb="0"/>
      <counter type="INSTRUCTION" missed="128" covered="0"/>
      <counter type="BRANCH" missed="5" covered="0"/>
      <counter type="LINE" missed="23" covered="0"/>
      <counter type="COMPLEXITY" missed="7" covered="0"/>
      <counter type="METHOD" missed="4" covered="0"/>
      <counter type="CLASS" missed="1" covered="0"/>
    </sourcefile>
    <counter type="INSTRUCTION" missed="182" covered="0"/>
    <counter type="BRANCH" missed="5" covered="0"/>
    <counter type="LINE" missed="27" covered="0"/>
    <counter type="COMPLEXITY" missed="10" covered="0"/>
    <counter type="METHOD" missed="7" covered="0"/>
    <counter type="CLASS" missed="2" covered="0"/>
  </package>
  <package name="com/equisoft/accountservice/infrastructure/persistence/types">
    <class name="com/equisoft/accountservice/infrastructure/persistence/types/DurationTypeHandler" sourcefilename="DurationTypeHandler.kt">
      <method name="setNonNullParameter" desc="(Ljava/sql/PreparedStatement;ILjava/time/Duration;Lorg/apache/ibatis/type/JdbcType;)V" line="21">
        <counter type="INSTRUCTION" missed="12" covered="0"/>
        <counter type="LINE" missed="2" covered="0"/>
        <counter type="COMPLEXITY" missed="1" covered="0"/>
        <counter type="METHOD" missed="1" covered="0"/>
      </method>
      <method name="getNullableResult" desc="(Ljava/sql/ResultSet;Ljava/lang/String;)Ljava/time/Duration;" line="25">
        <counter type="INSTRUCTION" missed="18" covered="0"/>
        <counter type="BRANCH" missed="2" covered="0"/>
        <counter type="LINE" missed="2" covered="0"/>
        <counter type="COMPLEXITY" missed="2" covered="0"/>
        <counter type="METHOD" missed="1" covered="0"/>
      </method>
      <method name="getNullableResult" desc="(Ljava/sql/ResultSet;I)Ljava/time/Duration;" line="30">
        <counter type="INSTRUCTION" missed="15" covered="0"/>
        <counter type="BRANCH" missed="2" covered="0"/>
        <counter type="LINE" missed="2" covered="0"/>
        <counter type="COMPLEXITY" missed="2" covered="0"/>
        <counter type="METHOD" missed="1" covered="0"/>
      </method>
      <method name="getNullableResult" desc="(Ljava/sql/CallableStatement;I)Ljava/time/Duration;" line="35">
        <counter type="INSTRUCTION" missed="15" covered="0"/>
        <counter type="BRANCH" missed="2" covered="0"/>
        <counter type="LINE" missed="2" covered="0"/>
        <counter type="COMPLEXITY" missed="2" covered="0"/>
        <counter type="METHOD" missed="1" covered="0"/>
      </method>
      <method name="&lt;init&gt;" desc="()V" line="14">
        <counter type="INSTRUCTION" missed="3" covered="0"/>
        <counter type="LINE" missed="1" covered="0"/>
        <counter type="COMPLEXITY" missed="1" covered="0"/>
        <counter type="METHOD" missed="1" covered="0"/>
      </method>
      <counter type="INSTRUCTION" missed="63" covered="0"/>
      <counter type="BRANCH" missed="6" covered="0"/>
      <counter type="LINE" missed="9" covered="0"/>
      <counter type="COMPLEXITY" missed="8" covered="0"/>
      <counter type="METHOD" missed="5" covered="0"/>
      <counter type="CLASS" missed="1" covered="0"/>
    </class>
    <class name="com/equisoft/accountservice/infrastructure/persistence/types/TimestampTypeHandler" sourcefilename="TimestampTypeHandler.kt">
      <method name="setNonNullParameter" desc="(Ljava/sql/PreparedStatement;ILjava/time/OffsetDateTime;Lorg/apache/ibatis/type/JdbcType;)V" line="23">
        <counter type="INSTRUCTION" missed="12" covered="0"/>
        <counter type="LINE" missed="2" covered="0"/>
        <counter type="COMPLEXITY" missed="1" covered="0"/>
        <counter type="METHOD" missed="1" covered="0"/>
      </method>
      <method name="getNullableResult" desc="(Ljava/sql/ResultSet;Ljava/lang/String;)Ljava/time/OffsetDateTime;" line="27">
        <counter type="INSTRUCTION" missed="15" covered="0"/>
        <counter type="LINE" missed="2" covered="0"/>
        <counter type="COMPLEXITY" missed="1" covered="0"/>
        <counter type="METHOD" missed="1" covered="0"/>
      </method>
      <method name="getNullableResult" desc="(Ljava/sql/ResultSet;I)Ljava/time/OffsetDateTime;" line="32">
        <counter type="INSTRUCTION" missed="12" covered="0"/>
        <counter type="LINE" missed="2" covered="0"/>
        <counter type="COMPLEXITY" missed="1" covered="0"/>
        <counter type="METHOD" missed="1" covered="0"/>
      </method>
      <method name="getNullableResult" desc="(Ljava/sql/CallableStatement;I)Ljava/time/OffsetDateTime;" line="37">
        <counter type="INSTRUCTION" missed="12" covered="0"/>
        <counter type="LINE" missed="2" covered="0"/>
        <counter type="COMPLEXITY" missed="1" covered="0"/>
        <counter type="METHOD" missed="1" covered="0"/>
      </method>
      <method name="mapTimestampToOffsetDateTime" desc="(Ljava/lang/Long;)Ljava/time/OffsetDateTime;" line="42">
        <counter type="INSTRUCTION" missed="12" covered="0"/>
        <counter type="BRANCH" missed="2" covered="0"/>
        <counter type="LINE" missed="3" covered="0"/>
        <counter type="COMPLEXITY" missed="2" covered="0"/>
        <counter type="METHOD" missed="1" covered="0"/>
      </method>
      <method name="&lt;init&gt;" desc="()V" line="16">
        <counter type="INSTRUCTION" missed="3" covered="0"/>
        <counter type="LINE" missed="1" covered="0"/>
        <counter type="COMPLEXITY" missed="1" covered="0"/>
        <counter type="METHOD" missed="1" covered="0"/>
      </method>
      <counter type="INSTRUCTION" missed="66" covered="0"/>
      <counter type="BRANCH" missed="2" covered="0"/>
      <counter type="LINE" missed="12" covered="0"/>
      <counter type="COMPLEXITY" missed="7" covered="0"/>
      <counter type="METHOD" missed="6" covered="0"/>
      <counter type="CLASS" missed="1" covered="0"/>
    </class>
    <class name="com/equisoft/accountservice/infrastructure/persistence/types/YesNoTypeHandler" sourcefilename="YesNoTypeHandler.kt">
      <method name="setNonNullParameter" desc="(Ljava/sql/PreparedStatement;IZLorg/apache/ibatis/type/JdbcType;)V" line="13">
        <counter type="INSTRUCTION" missed="14" covered="0"/>
        <counter type="BRANCH" missed="2" covered="0"/>
        <counter type="LINE" missed="3" covered="0"/>
        <counter type="COMPLEXITY" missed="2" covered="0"/>
        <counter type="METHOD" missed="1" covered="0"/>
      </method>
      <method name="getNullableResult" desc="(Ljava/sql/ResultSet;Ljava/lang/String;)Ljava/lang/Boolean;" line="18">
        <counter type="INSTRUCTION" missed="14" covered="0"/>
        <counter type="LINE" missed="2" covered="0"/>
        <counter type="COMPLEXITY" missed="1" covered="0"/>
        <counter type="METHOD" missed="1" covered="0"/>
      </method>
      <method name="getNullableResult" desc="(Ljava/sql/ResultSet;I)Ljava/lang/Boolean;" line="23">
        <counter type="INSTRUCTION" missed="11" covered="0"/>
        <counter type="LINE" missed="2" covered="0"/>
        <counter type="COMPLEXITY" missed="1" covered="0"/>
        <counter type="METHOD" missed="1" covered="0"/>
      </method>
      <method name="getNullableResult" desc="(Ljava/sql/CallableStatement;I)Ljava/lang/Boolean;" line="28">
        <counter type="INSTRUCTION" missed="11" covered="0"/>
        <counter type="LINE" missed="2" covered="0"/>
        <counter type="COMPLEXITY" missed="1" covered="0"/>
        <counter type="METHOD" missed="1" covered="0"/>
      </method>
      <method name="mapDatabaseValueToBoolean" desc="(Ljava/lang/String;)Ljava/lang/Boolean;" line="33">
        <counter type="INSTRUCTION" missed="9" covered="0"/>
        <counter type="BRANCH" missed="2" covered="0"/>
        <counter type="LINE" missed="3" covered="0"/>
        <counter type="COMPLEXITY" missed="2" covered="0"/>
        <counter type="METHOD" missed="1" covered="0"/>
      </method>
      <method name="&lt;init&gt;" desc="()V" line="11">
        <counter type="INSTRUCTION" missed="3" covered="0"/>
        <counter type="LINE" missed="1" covered="0"/>
        <counter type="COMPLEXITY" missed="1" covered="0"/>
        <counter type="METHOD" missed="1" covered="0"/>
      </method>
      <counter type="INSTRUCTION" missed="62" covered="0"/>
      <counter type="BRANCH" missed="4" covered="0"/>
      <counter type="LINE" missed="13" covered="0"/>
      <counter type="COMPLEXITY" missed="8" covered="0"/>
      <counter type="METHOD" missed="6" covered="0"/>
      <counter type="CLASS" missed="1" covered="0"/>
    </class>
    <class name="com/equisoft/accountservice/infrastructure/persistence/types/IdTypeHandler" sourcefilename="IdTypeHandler.kt">
      <method name="setParameter" desc="(Ljava/sql/PreparedStatement;ILcom/equisoft/accountservice/domain/Id;Lorg/apache/ibatis/type/JdbcType;)V" line="20">
        <counter type="INSTRUCTION" missed="18" covered="0"/>
        <counter type="BRANCH" missed="2" covered="0"/>
        <counter type="LINE" missed="2" covered="0"/>
        <counter type="COMPLEXITY" missed="2" covered="0"/>
        <counter type="METHOD" missed="1" covered="0"/>
      </method>
      <method name="setNonNullParameter" desc="(Ljava/sql/PreparedStatement;ILcom/equisoft/accountservice/domain/Id;Lorg/apache/ibatis/type/JdbcType;)V" line="26">
        <counter type="INSTRUCTION" missed="23" covered="0"/>
        <counter type="BRANCH" missed="2" covered="0"/>
        <counter type="LINE" missed="4" covered="0"/>
        <counter type="COMPLEXITY" missed="2" covered="0"/>
        <counter type="METHOD" missed="1" covered="0"/>
      </method>
      <method name="getNullableResult" desc="(Ljava/sql/ResultSet;Ljava/lang/String;)Lcom/equisoft/accountservice/domain/Id;" line="33">
        <counter type="INSTRUCTION" missed="14" covered="0"/>
        <counter type="LINE" missed="2" covered="0"/>
        <counter type="COMPLEXITY" missed="1" covered="0"/>
        <counter type="METHOD" missed="1" covered="0"/>
      </method>
      <method name="getNullableResult" desc="(Ljava/sql/ResultSet;I)Lcom/equisoft/accountservice/domain/Id;" line="38">
        <counter type="INSTRUCTION" missed="11" covered="0"/>
        <counter type="LINE" missed="2" covered="0"/>
        <counter type="COMPLEXITY" missed="1" covered="0"/>
        <counter type="METHOD" missed="1" covered="0"/>
      </method>
      <method name="getNullableResult" desc="(Ljava/sql/CallableStatement;I)Lcom/equisoft/accountservice/domain/Id;" line="43">
        <counter type="INSTRUCTION" missed="11" covered="0"/>
        <counter type="LINE" missed="2" covered="0"/>
        <counter type="COMPLEXITY" missed="1" covered="0"/>
        <counter type="METHOD" missed="1" covered="0"/>
      </method>
      <method name="mapDatabaseValueToId" desc="(Ljava/lang/Object;)Lcom/equisoft/accountservice/domain/Id;" line="48">
        <counter type="INSTRUCTION" missed="53" covered="0"/>
        <counter type="BRANCH" missed="12" covered="0"/>
        <counter type="LINE" missed="5" covered="0"/>
        <counter type="COMPLEXITY" missed="7" covered="0"/>
        <counter type="METHOD" missed="1" covered="0"/>
      </method>
      <method name="&lt;init&gt;" desc="()V" line="14">
        <counter type="INSTRUCTION" missed="3" covered="0"/>
        <counter type="LINE" missed="1" covered="0"/>
        <counter type="COMPLEXITY" missed="1" covered="0"/>
        <counter type="METHOD" missed="1" covered="0"/>
      </method>
      <method name="&lt;clinit&gt;" desc="()V" line="16">
        <counter type="INSTRUCTION" missed="18" covered="0"/>
        <counter type="LINE" missed="1" covered="0"/>
        <counter type="COMPLEXITY" missed="1" covered="0"/>
        <counter type="METHOD" missed="1" covered="0"/>
      </method>
      <counter type="INSTRUCTION" missed="151" covered="0"/>
      <counter type="BRANCH" missed="16" covered="0"/>
      <counter type="LINE" missed="19" covered="0"/>
      <counter type="COMPLEXITY" missed="16" covered="0"/>
      <counter type="METHOD" missed="8" covered="0"/>
      <counter type="CLASS" missed="1" covered="0"/>
    </class>
    <class name="com/equisoft/accountservice/infrastructure/persistence/types/IdTypeHandler$Companion" sourcefilename="IdTypeHandler.kt">
      <method name="getNUMERIC_TYPES" desc="()Ljava/util/Set;" line="16">
        <counter type="INSTRUCTION" missed="2" covered="0"/>
        <counter type="LINE" missed="1" covered="0"/>
        <counter type="COMPLEXITY" missed="1" covered="0"/>
        <counter type="METHOD" missed="1" covered="0"/>
      </method>
      <counter type="INSTRUCTION" missed="2" covered="0"/>
      <counter type="LINE" missed="1" covered="0"/>
      <counter type="COMPLEXITY" missed="1" covered="0"/>
      <counter type="METHOD" missed="1" covered="0"/>
      <counter type="CLASS" missed="1" covered="0"/>
    </class>
    <sourcefile name="DurationTypeHandler.kt">
      <line nr="14" mi="3" ci="0" mb="0" cb="0"/>
      <line nr="21" mi="5" ci="0" mb="0" cb="0"/>
      <line nr="22" mi="1" ci="0" mb="0" cb="0"/>
      <line nr="25" mi="4" ci="0" mb="0" cb="0"/>
      <line nr="26" mi="8" ci="0" mb="2" cb="0"/>
      <line nr="30" mi="4" ci="0" mb="0" cb="0"/>
      <line nr="31" mi="8" ci="0" mb="2" cb="0"/>
      <line nr="35" mi="4" ci="0" mb="0" cb="0"/>
      <line nr="36" mi="8" ci="0" mb="2" cb="0"/>
      <counter type="INSTRUCTION" missed="63" covered="0"/>
      <counter type="BRANCH" missed="6" covered="0"/>
      <counter type="LINE" missed="9" covered="0"/>
      <counter type="COMPLEXITY" missed="8" covered="0"/>
      <counter type="METHOD" missed="5" covered="0"/>
      <counter type="CLASS" missed="1" covered="0"/>
    </sourcefile>
    <sourcefile name="TimestampTypeHandler.kt">
      <line nr="16" mi="3" ci="0" mb="0" cb="0"/>
      <line nr="23" mi="5" ci="0" mb="0" cb="0"/>
      <line nr="24" mi="1" ci="0" mb="0" cb="0"/>
      <line nr="27" mi="4" ci="0" mb="0" cb="0"/>
      <line nr="28" mi="5" ci="0" mb="0" cb="0"/>
      <line nr="32" mi="4" ci="0" mb="0" cb="0"/>
      <line nr="33" mi="5" ci="0" mb="0" cb="0"/>
      <line nr="37" mi="4" ci="0" mb="0" cb="0"/>
      <line nr="38" mi="5" ci="0" mb="0" cb="0"/>
      <line nr="42" mi="2" ci="0" mb="2" cb="0"/>
      <line nr="43" mi="2" ci="0" mb="0" cb="0"/>
      <line nr="46" mi="8" ci="0" mb="0" cb="0"/>
      <counter type="INSTRUCTION" missed="66" covered="0"/>
      <counter type="BRANCH" missed="2" covered="0"/>
      <counter type="LINE" missed="12" covered="0"/>
      <counter type="COMPLEXITY" missed="7" covered="0"/>
      <counter type="METHOD" missed="6" covered="0"/>
      <counter type="CLASS" missed="1" covered="0"/>
    </sourcefile>
    <sourcefile name="YesNoTypeHandler.kt">
      <line nr="11" mi="3" ci="0" mb="0" cb="0"/>
      <line nr="13" mi="6" ci="0" mb="2" cb="0"/>
      <line nr="14" mi="4" ci="0" mb="0" cb="0"/>
      <line nr="15" mi="1" ci="0" mb="0" cb="0"/>
      <line nr="18" mi="4" ci="0" mb="0" cb="0"/>
      <line nr="19" mi="4" ci="0" mb="0" cb="0"/>
      <line nr="23" mi="4" ci="0" mb="0" cb="0"/>
      <line nr="24" mi="4" ci="0" mb="0" cb="0"/>
      <line nr="28" mi="4" ci="0" mb="0" cb="0"/>
      <line nr="29" mi="4" ci="0" mb="0" cb="0"/>
      <line nr="33" mi="2" ci="0" mb="2" cb="0"/>
      <line nr="34" mi="2" ci="0" mb="0" cb="0"/>
      <line nr="37" mi="5" ci="0" mb="0" cb="0"/>
      <counter type="INSTRUCTION" missed="62" covered="0"/>
      <counter type="BRANCH" missed="4" covered="0"/>
      <counter type="LINE" missed="13" covered="0"/>
      <counter type="COMPLEXITY" missed="8" covered="0"/>
      <counter type="METHOD" missed="6" covered="0"/>
      <counter type="CLASS" missed="1" covered="0"/>
    </sourcefile>
    <sourcefile name="IdTypeHandler.kt">
      <line nr="14" mi="3" ci="0" mb="0" cb="0"/>
      <line nr="16" mi="15" ci="0" mb="0" cb="0"/>
      <line nr="20" mi="8" ci="0" mb="2" cb="0"/>
      <line nr="22" mi="7" ci="0" mb="0" cb="0"/>
      <line nr="26" mi="5" ci="0" mb="2" cb="0"/>
      <line nr="27" mi="6" ci="0" mb="0" cb="0"/>
      <line nr="29" mi="5" ci="0" mb="0" cb="0"/>
      <line nr="30" mi="1" ci="0" mb="0" cb="0"/>
      <line nr="33" mi="4" ci="0" mb="0" cb="0"/>
      <line nr="34" mi="4" ci="0" mb="0" cb="0"/>
      <line nr="38" mi="4" ci="0" mb="0" cb="0"/>
      <line nr="39" mi="4" ci="0" mb="0" cb="0"/>
      <line nr="43" mi="4" ci="0" mb="0" cb="0"/>
      <line nr="44" mi="4" ci="0" mb="0" cb="0"/>
      <line nr="48" mi="29" ci="0" mb="8" cb="0"/>
      <line nr="50" mi="3" ci="0" mb="0" cb="0"/>
      <line nr="51" mi="9" ci="0" mb="2" cb="0"/>
      <line nr="52" mi="10" ci="0" mb="2" cb="0"/>
      <line nr="53" mi="2" ci="0" mb="0" cb="0"/>
      <counter type="INSTRUCTION" missed="153" covered="0"/>
      <counter type="BRANCH" missed="16" covered="0"/>
      <counter type="LINE" missed="19" covered="0"/>
      <counter type="COMPLEXITY" missed="17" covered="0"/>
      <counter type="METHOD" missed="9" covered="0"/>
      <counter type="CLASS" missed="2" covered="0"/>
    </sourcefile>
    <counter type="INSTRUCTION" missed="344" covered="0"/>
    <counter type="BRANCH" missed="28" covered="0"/>
    <counter type="LINE" missed="53" covered="0"/>
    <counter type="COMPLEXITY" missed="40" covered="0"/>
    <counter type="METHOD" missed="26" covered="0"/>
    <counter type="CLASS" missed="5" covered="0"/>
  </package>
  <package name="com/equisoft/accountservice/interfaces/http/rest/service">
    <class name="com/equisoft/accountservice/interfaces/http/rest/service/ServiceAccessConverter" sourcefilename="ServiceAccessConverter.kt">
      <method name="toDto" desc="(Lcom/equisoft/accountservice/domain/service/ServiceAccess;)Lcom/equisoft/accountservice/interfaces/http/rest/service/schema/ServiceAccessSchema;" line="17">
        <counter type="INSTRUCTION" missed="37" covered="0"/>
        <counter type="BRANCH" missed="6" covered="0"/>
        <counter type="LINE" missed="6" covered="0"/>
        <counter type="COMPLEXITY" missed="4" covered="0"/>
        <counter type="METHOD" missed="1" covered="0"/>
      </method>
      <method name="toDto" desc="(Lcom/equisoft/accountservice/domain/service/EquisoftConnectAccess;)Lcom/equisoft/accountservice/interfaces/http/rest/service/schema/ServiceAccessSchema;" line="25">
        <counter type="INSTRUCTION" missed="25" covered="0"/>
        <counter type="LINE" missed="8" covered="0"/>
        <counter type="COMPLEXITY" missed="1" covered="0"/>
        <counter type="METHOD" missed="1" covered="0"/>
      </method>
      <method name="toDto" desc="(Lcom/equisoft/accountservice/domain/service/EquisoftPlanAccess;)Lcom/equisoft/accountservice/interfaces/http/rest/service/schema/ServiceAccessSchema;" line="35">
        <counter type="INSTRUCTION" missed="25" covered="0"/>
        <counter type="LINE" missed="7" covered="0"/>
        <counter type="COMPLEXITY" missed="1" covered="0"/>
        <counter type="METHOD" missed="1" covered="0"/>
      </method>
      <method name="toDto" desc="(Lcom/equisoft/accountservice/domain/service/EquisoftAnalyzeForAdvisorsAccess;)Lcom/equisoft/accountservice/interfaces/http/rest/service/schema/ServiceAccessSchema;" line="44">
        <counter type="INSTRUCTION" missed="12" covered="0"/>
        <counter type="LINE" missed="3" covered="0"/>
        <counter type="COMPLEXITY" missed="1" covered="0"/>
        <counter type="METHOD" missed="1" covered="0"/>
      </method>
      <method name="toDto" desc="(Lcom/equisoft/accountservice/domain/service/CPanelAccess;)Lcom/equisoft/accountservice/interfaces/http/rest/service/schema/ServiceAccessSchema;" line="49">
        <counter type="INSTRUCTION" missed="12" covered="0"/>
        <counter type="LINE" missed="3" covered="0"/>
        <counter type="COMPLEXITY" missed="1" covered="0"/>
        <counter type="METHOD" missed="1" covered="0"/>
      </method>
      <method name="&lt;init&gt;" desc="()V" line="14">
        <counter type="INSTRUCTION" missed="3" covered="0"/>
        <counter type="LINE" missed="1" covered="0"/>
        <counter type="COMPLEXITY" missed="1" covered="0"/>
        <counter type="METHOD" missed="1" covered="0"/>
      </method>
      <counter type="INSTRUCTION" missed="114" covered="0"/>
      <counter type="BRANCH" missed="6" covered="0"/>
      <counter type="LINE" missed="28" covered="0"/>
      <counter type="COMPLEXITY" missed="9" covered="0"/>
      <counter type="METHOD" missed="6" covered="0"/>
      <counter type="CLASS" missed="1" covered="0"/>
    </class>
    <sourcefile name="ServiceAccessConverter.kt">
      <line nr="14" mi="3" ci="0" mb="0" cb="0"/>
      <line nr="17" mi="2" ci="0" mb="0" cb="0"/>
      <line nr="18" mi="8" ci="0" mb="2" cb="0"/>
      <line nr="19" mi="8" ci="0" mb="2" cb="0"/>
      <line nr="20" mi="8" ci="0" mb="2" cb="0"/>
      <line nr="21" mi="7" ci="0" mb="0" cb="0"/>
      <line nr="22" mi="1" ci="0" mb="0" cb="0"/>
      <line nr="25" mi="3" ci="0" mb="0" cb="0"/>
      <line nr="26" mi="1" ci="0" mb="0" cb="0"/>
      <line nr="27" mi="5" ci="0" mb="0" cb="0"/>
      <line nr="28" mi="3" ci="0" mb="0" cb="0"/>
      <line nr="29" mi="5" ci="0" mb="0" cb="0"/>
      <line nr="30" mi="4" ci="0" mb="0" cb="0"/>
      <line nr="31" mi="3" ci="0" mb="0" cb="0"/>
      <line nr="32" mi="1" ci="0" mb="0" cb="0"/>
      <line nr="35" mi="3" ci="0" mb="0" cb="0"/>
      <line nr="36" mi="1" ci="0" mb="0" cb="0"/>
      <line nr="37" mi="5" ci="0" mb="0" cb="0"/>
      <line nr="38" mi="3" ci="0" mb="0" cb="0"/>
      <line nr="39" mi="5" ci="0" mb="0" cb="0"/>
      <line nr="40" mi="7" ci="0" mb="0" cb="0"/>
      <line nr="41" mi="1" ci="0" mb="0" cb="0"/>
      <line nr="44" mi="3" ci="0" mb="0" cb="0"/>
      <line nr="45" mi="8" ci="0" mb="0" cb="0"/>
      <line nr="46" mi="1" ci="0" mb="0" cb="0"/>
      <line nr="49" mi="3" ci="0" mb="0" cb="0"/>
      <line nr="50" mi="8" ci="0" mb="0" cb="0"/>
      <line nr="51" mi="1" ci="0" mb="0" cb="0"/>
      <counter type="INSTRUCTION" missed="114" covered="0"/>
      <counter type="BRANCH" missed="6" covered="0"/>
      <counter type="LINE" missed="28" covered="0"/>
      <counter type="COMPLEXITY" missed="9" covered="0"/>
      <counter type="METHOD" missed="6" covered="0"/>
      <counter type="CLASS" missed="1" covered="0"/>
    </sourcefile>
    <counter type="INSTRUCTION" missed="114" covered="0"/>
    <counter type="BRANCH" missed="6" covered="0"/>
    <counter type="LINE" missed="28" covered="0"/>
    <counter type="COMPLEXITY" missed="9" covered="0"/>
    <counter type="METHOD" missed="6" covered="0"/>
    <counter type="CLASS" missed="1" covered="0"/>
  </package>
  <package name="com/equisoft/accountservice/context/infrastructure/persistence">
    <class name="com/equisoft/accountservice/context/infrastructure/persistence/MyBatisFactory" sourcefilename="MyBatisFactory.kt">
      <method name="environment$account_service" desc="()Lorg/apache/ibatis/mapping/Environment;" line="28">
        <counter type="INSTRUCTION" missed="11" covered="0"/>
        <counter type="LINE" missed="1" covered="0"/>
        <counter type="COMPLEXITY" missed="1" covered="0"/>
        <counter type="METHOD" missed="1" covered="0"/>
      </method>
      <method name="configuration$account_service" desc="(Lorg/apache/ibatis/mapping/Environment;)Lorg/apache/ibatis/session/Configuration;" line="31">
        <counter type="INSTRUCTION" missed="83" covered="0"/>
        <counter type="LINE" missed="17" covered="0"/>
        <counter type="COMPLEXITY" missed="1" covered="0"/>
        <counter type="METHOD" missed="1" covered="0"/>
      </method>
      <method name="sqlSessionFactory$account_service" desc="(Lorg/apache/ibatis/session/Configuration;)Lorg/apache/ibatis/session/SqlSessionFactory;" line="54">
        <counter type="INSTRUCTION" missed="12" covered="0"/>
        <counter type="LINE" missed="1" covered="0"/>
        <counter type="COMPLEXITY" missed="1" covered="0"/>
        <counter type="METHOD" missed="1" covered="0"/>
      </method>
      <method name="sqlSessionManager$account_service" desc="(Lorg/apache/ibatis/session/SqlSessionFactory;)Lorg/apache/ibatis/session/SqlSessionManager;" line="58">
        <counter type="INSTRUCTION" missed="9" covered="0"/>
        <counter type="LINE" missed="1" covered="0"/>
        <counter type="COMPLEXITY" missed="1" covered="0"/>
        <counter type="METHOD" missed="1" covered="0"/>
      </method>
      <method name="userAccountMapper$account_service" desc="(Lorg/apache/ibatis/session/SqlSessionManager;)Lcom/equisoft/accountservice/infrastructure/persistence/account/UserAccountMapper;" line="62">
        <counter type="INSTRUCTION" missed="10" covered="0"/>
        <counter type="LINE" missed="1" covered="0"/>
        <counter type="COMPLEXITY" missed="1" covered="0"/>
        <counter type="METHOD" missed="1" covered="0"/>
      </method>
      <method name="sessionMapper$account_service" desc="(Lorg/apache/ibatis/session/SqlSessionManager;)Lcom/equisoft/accountservice/infrastructure/persistence/session/SessionMapper;" line="66">
        <counter type="INSTRUCTION" missed="10" covered="0"/>
        <counter type="LINE" missed="1" covered="0"/>
        <counter type="COMPLEXITY" missed="1" covered="0"/>
        <counter type="METHOD" missed="1" covered="0"/>
      </method>
      <method name="&lt;init&gt;" desc="(Ljavax/sql/DataSource;)V" line="26">
        <counter type="INSTRUCTION" missed="9" covered="0"/>
        <counter type="LINE" missed="1" covered="0"/>
        <counter type="COMPLEXITY" missed="1" covered="0"/>
        <counter type="METHOD" missed="1" covered="0"/>
      </method>
      <counter type="INSTRUCTION" missed="144" covered="0"/>
      <counter type="LINE" missed="23" covered="0"/>
      <counter type="COMPLEXITY" missed="7" covered="0"/>
      <counter type="METHOD" missed="7" covered="0"/>
      <counter type="CLASS" missed="1" covered="0"/>
    </class>
    <sourcefile name="MyBatisFactory.kt">
      <line nr="26" mi="6" ci="0" mb="0" cb="0"/>
      <line nr="28" mi="11" ci="0" mb="0" cb="0"/>
      <line nr="31" mi="14" ci="0" mb="0" cb="0"/>
      <line nr="32" mi="3" ci="0" mb="0" cb="0"/>
      <line nr="34" mi="5" ci="0" mb="0" cb="0"/>
      <line nr="35" mi="5" ci="0" mb="0" cb="0"/>
      <line nr="36" mi="5" ci="0" mb="0" cb="0"/>
      <line nr="37" mi="5" ci="0" mb="0" cb="0"/>
      <line nr="38" mi="5" ci="0" mb="0" cb="0"/>
      <line nr="40" mi="4" ci="0" mb="0" cb="0"/>
      <line nr="41" mi="4" ci="0" mb="0" cb="0"/>
      <line nr="42" mi="4" ci="0" mb="0" cb="0"/>
      <line nr="43" mi="4" ci="0" mb="0" cb="0"/>
      <line nr="44" mi="4" ci="0" mb="0" cb="0"/>
      <line nr="45" mi="4" ci="0" mb="0" cb="0"/>
      <line nr="46" mi="4" ci="0" mb="0" cb="0"/>
      <line nr="48" mi="4" ci="0" mb="0" cb="0"/>
      <line nr="49" mi="4" ci="0" mb="0" cb="0"/>
      <line nr="50" mi="2" ci="0" mb="0" cb="0"/>
      <line nr="54" mi="9" ci="0" mb="0" cb="0"/>
      <line nr="58" mi="6" ci="0" mb="0" cb="0"/>
      <line nr="62" mi="7" ci="0" mb="0" cb="0"/>
      <line nr="66" mi="7" ci="0" mb="0" cb="0"/>
      <counter type="INSTRUCTION" missed="144" covered="0"/>
      <counter type="LINE" missed="23" covered="0"/>
      <counter type="COMPLEXITY" missed="7" covered="0"/>
      <counter type="METHOD" missed="7" covered="0"/>
      <counter type="CLASS" missed="1" covered="0"/>
    </sourcefile>
    <counter type="INSTRUCTION" missed="144" covered="0"/>
    <counter type="LINE" missed="23" covered="0"/>
    <counter type="COMPLEXITY" missed="7" covered="0"/>
    <counter type="METHOD" missed="7" covered="0"/>
    <counter type="CLASS" missed="1" covered="0"/>
  </package>
  <package name="com/equisoft/accountservice/domain/session">
    <class name="com/equisoft/accountservice/domain/session/Session" sourcefilename="Session.kt">
      <method name="getUser" desc="()Lcom/equisoft/accountservice/domain/account/UserAccount;" line="24">
        <counter type="INSTRUCTION" missed="0" covered="3"/>
        <counter type="LINE" missed="0" covered="1"/>
        <counter type="COMPLEXITY" missed="0" covered="1"/>
        <counter type="METHOD" missed="0" covered="1"/>
      </method>
      <method name="getActor" desc="()Lcom/equisoft/accountservice/domain/account/UserAccount;" line="26">
        <counter type="INSTRUCTION" missed="0" covered="3"/>
        <counter type="LINE" missed="0" covered="1"/>
        <counter type="COMPLEXITY" missed="0" covered="1"/>
        <counter type="METHOD" missed="0" covered="1"/>
      </method>
      <method name="getCurrentUser" desc="()Lcom/equisoft/accountservice/domain/account/UserAccount;" line="29">
        <counter type="INSTRUCTION" missed="0" covered="9"/>
        <counter type="BRANCH" missed="0" covered="2"/>
        <counter type="LINE" missed="0" covered="1"/>
        <counter type="COMPLEXITY" missed="0" covered="2"/>
        <counter type="METHOD" missed="0" covered="1"/>
      </method>
      <method name="getMobile" desc="()Z" line="33">
        <counter type="INSTRUCTION" missed="0" covered="3"/>
        <counter type="LINE" missed="0" covered="1"/>
        <counter type="COMPLEXITY" missed="0" covered="1"/>
        <counter type="METHOD" missed="0" covered="1"/>
      </method>
      <method name="setMobile$account_service" desc="(Z)V" line="33">
        <counter type="INSTRUCTION" missed="0" covered="4"/>
        <counter type="LINE" missed="0" covered="1"/>
        <counter type="COMPLEXITY" missed="0" covered="1"/>
        <counter type="METHOD" missed="0" covered="1"/>
      </method>
      <method name="getEnabledForEquisoftConnect" desc="()Z" line="35">
        <counter type="INSTRUCTION" missed="0" covered="3"/>
        <counter type="LINE" missed="0" covered="1"/>
        <counter type="COMPLEXITY" missed="0" covered="1"/>
        <counter type="METHOD" missed="0" covered="1"/>
      </method>
      <method name="setEnabledForEquisoftConnect$account_service" desc="(Z)V" line="35">
        <counter type="INSTRUCTION" missed="0" covered="4"/>
        <counter type="LINE" missed="0" covered="1"/>
        <counter type="COMPLEXITY" missed="0" covered="1"/>
        <counter type="METHOD" missed="0" covered="1"/>
      </method>
      <method name="getSsoProvider" desc="()Ljava/lang/String;" line="37">
        <counter type="INSTRUCTION" missed="0" covered="3"/>
        <counter type="LINE" missed="0" covered="1"/>
        <counter type="COMPLEXITY" missed="0" covered="1"/>
        <counter type="METHOD" missed="0" covered="1"/>
      </method>
      <method name="getSsoIdentifier" desc="()Ljava/lang/String;" line="39">
        <counter type="INSTRUCTION" missed="0" covered="3"/>
        <counter type="LINE" missed="0" covered="1"/>
        <counter type="COMPLEXITY" missed="0" covered="1"/>
        <counter type="METHOD" missed="0" covered="1"/>
      </method>
      <method name="getIdleTimeout" desc="()Ljava/time/Duration;" line="41">
        <counter type="INSTRUCTION" missed="0" covered="3"/>
        <counter type="LINE" missed="0" covered="1"/>
        <counter type="COMPLEXITY" missed="0" covered="1"/>
        <counter type="METHOD" missed="0" covered="1"/>
      </method>
      <method name="setIdleTimeout$account_service" desc="(Ljava/time/Duration;)V" line="41">
        <counter type="INSTRUCTION" missed="0" covered="4"/>
        <counter type="LINE" missed="0" covered="1"/>
        <counter type="COMPLEXITY" missed="0" covered="1"/>
        <counter type="METHOD" missed="0" covered="1"/>
      </method>
      <method name="getLastAccessAt" desc="()Ljava/time/OffsetDateTime;" line="43">
        <counter type="INSTRUCTION" missed="0" covered="3"/>
        <counter type="LINE" missed="0" covered="1"/>
        <counter type="COMPLEXITY" missed="0" covered="1"/>
        <counter type="METHOD" missed="0" covered="1"/>
      </method>
      <method name="isSsoBased" desc="()Z" line="46">
        <counter type="INSTRUCTION" missed="0" covered="7"/>
        <counter type="BRANCH" missed="0" covered="2"/>
        <counter type="LINE" missed="0" covered="1"/>
        <counter type="COMPLEXITY" missed="0" covered="2"/>
        <counter type="METHOD" missed="0" covered="1"/>
      </method>
      <method name="setSso" desc="(Ljava/lang/String;Ljava/lang/String;)V" line="49">
        <counter type="INSTRUCTION" missed="0" covered="13"/>
        <counter type="LINE" missed="0" covered="3"/>
        <counter type="COMPLEXITY" missed="0" covered="1"/>
        <counter type="METHOD" missed="0" covered="1"/>
      </method>
      <method name="isImpersonated" desc="()Z" line="53">
        <counter type="INSTRUCTION" missed="0" covered="7"/>
        <counter type="BRANCH" missed="0" covered="2"/>
        <counter type="LINE" missed="0" covered="1"/>
        <counter type="COMPLEXITY" missed="0" covered="2"/>
        <counter type="METHOD" missed="0" covered="1"/>
      </method>
      <method name="enable" desc="()V" line="56">
        <counter type="INSTRUCTION" missed="0" covered="37"/>
        <counter type="BRANCH" missed="0" covered="8"/>
        <counter type="LINE" missed="0" covered="7"/>
        <counter type="COMPLEXITY" missed="0" covered="5"/>
        <counter type="METHOD" missed="0" covered="1"/>
      </method>
      <method name="getState" desc="(Ljava/time/Clock;)Lcom/equisoft/accountservice/domain/session/SessionState;" line="66">
        <counter type="INSTRUCTION" missed="0" covered="23"/>
        <counter type="BRANCH" missed="0" covered="6"/>
        <counter type="LINE" missed="0" covered="6"/>
        <counter type="COMPLEXITY" missed="0" covered="4"/>
        <counter type="METHOD" missed="0" covered="1"/>
      </method>
      <method name="getState$default" desc="(Lcom/equisoft/accountservice/domain/session/Session;Ljava/time/Clock;ILjava/lang/Object;)Lcom/equisoft/accountservice/domain/session/SessionState;" line="65">
        <counter type="INSTRUCTION" missed="0" covered="12"/>
        <counter type="LINE" missed="0" covered="1"/>
        <counter type="COMPLEXITY" missed="0" covered="1"/>
        <counter type="METHOD" missed="0" covered="1"/>
      </method>
      <method name="keepAlive" desc="(Ljava/time/Clock;)V" line="74">
        <counter type="INSTRUCTION" missed="0" covered="21"/>
        <counter type="BRANCH" missed="0" covered="2"/>
        <counter type="LINE" missed="0" covered="4"/>
        <counter type="COMPLEXITY" missed="0" covered="2"/>
        <counter type="METHOD" missed="0" covered="1"/>
      </method>
      <method name="keepAlive$default" desc="(Lcom/equisoft/accountservice/domain/session/Session;Ljava/time/Clock;ILjava/lang/Object;)V" line="73">
        <counter type="INSTRUCTION" missed="0" covered="12"/>
        <counter type="LINE" missed="0" covered="1"/>
        <counter type="COMPLEXITY" missed="0" covered="1"/>
        <counter type="METHOD" missed="0" covered="1"/>
      </method>
      <method name="isExpired" desc="(Ljava/time/Clock;)Z" line="80">
        <counter type="INSTRUCTION" missed="0" covered="10"/>
        <counter type="BRANCH" missed="0" covered="2"/>
        <counter type="LINE" missed="0" covered="1"/>
        <counter type="COMPLEXITY" missed="0" covered="2"/>
        <counter type="METHOD" missed="0" covered="1"/>
      </method>
      <method name="isSuspended" desc="(Ljava/time/Clock;)Z" line="83">
        <counter type="INSTRUCTION" missed="0" covered="19"/>
        <counter type="BRANCH" missed="0" covered="4"/>
        <counter type="LINE" missed="0" covered="2"/>
        <counter type="COMPLEXITY" missed="0" covered="3"/>
        <counter type="METHOD" missed="0" covered="1"/>
      </method>
      <method name="impersonate" desc="(Lcom/equisoft/accountservice/domain/account/UserAccount;Ljava/time/Clock;)V" line="87">
        <counter type="INSTRUCTION" missed="0" covered="43"/>
        <counter type="BRANCH" missed="0" covered="6"/>
        <counter type="LINE" missed="0" covered="9"/>
        <counter type="COMPLEXITY" missed="0" covered="4"/>
        <counter type="METHOD" missed="0" covered="1"/>
      </method>
      <method name="impersonate$default" desc="(Lcom/equisoft/accountservice/domain/session/Session;Lcom/equisoft/accountservice/domain/account/UserAccount;Ljava/time/Clock;ILjava/lang/Object;)V" line="86">
        <counter type="INSTRUCTION" missed="0" covered="13"/>
        <counter type="LINE" missed="0" covered="1"/>
        <counter type="COMPLEXITY" missed="0" covered="1"/>
        <counter type="METHOD" missed="0" covered="1"/>
      </method>
      <method name="revertIdentity" desc="()V" line="100">
        <counter type="INSTRUCTION" missed="0" covered="18"/>
        <counter type="BRANCH" missed="0" covered="2"/>
        <counter type="LINE" missed="0" covered="5"/>
        <counter type="COMPLEXITY" missed="0" covered="2"/>
        <counter type="METHOD" missed="0" covered="1"/>
      </method>
      <method name="isEnabledForEquisoftConnect" desc="(Ljava/time/Clock;)Z" line="109">
        <counter type="INSTRUCTION" missed="0" covered="15"/>
        <counter type="BRANCH" missed="1" covered="3"/>
        <counter type="LINE" missed="0" covered="1"/>
        <counter type="COMPLEXITY" missed="1" covered="2"/>
        <counter type="METHOD" missed="0" covered="1"/>
      </method>
      <method name="isEnabledForEquisoftConnect$default" desc="(Lcom/equisoft/accountservice/domain/session/Session;Ljava/time/Clock;ILjava/lang/Object;)Z" line="108">
        <counter type="INSTRUCTION" missed="0" covered="12"/>
        <counter type="LINE" missed="0" covered="1"/>
        <counter type="COMPLEXITY" missed="0" covered="1"/>
        <counter type="METHOD" missed="0" covered="1"/>
      </method>
      <method name="getId" desc="()Lcom/equisoft/accountservice/domain/Id;" line="19">
        <counter type="INSTRUCTION" missed="0" covered="3"/>
        <counter type="LINE" missed="0" covered="1"/>
        <counter type="COMPLEXITY" missed="0" covered="1"/>
        <counter type="METHOD" missed="0" covered="1"/>
      </method>
      <method name="getCreatedAt" desc="()Ljava/time/OffsetDateTime;" line="21">
        <counter type="INSTRUCTION" missed="0" covered="3"/>
        <counter type="LINE" missed="0" covered="1"/>
        <counter type="COMPLEXITY" missed="0" covered="1"/>
        <counter type="METHOD" missed="0" covered="1"/>
      </method>
      <method name="getExpireAt" desc="()Ljava/time/OffsetDateTime;" line="22">
        <counter type="INSTRUCTION" missed="0" covered="3"/>
        <counter type="LINE" missed="0" covered="1"/>
        <counter type="COMPLEXITY" missed="0" covered="1"/>
        <counter type="METHOD" missed="0" covered="1"/>
      </method>
      <method name="&lt;init&gt;" desc="(Lcom/equisoft/accountservice/domain/Id;Lcom/equisoft/accountservice/domain/account/UserAccount;Ljava/time/OffsetDateTime;Ljava/time/OffsetDateTime;)V" line="18">
        <counter type="INSTRUCTION" missed="0" covered="31"/>
        <counter type="LINE" missed="0" covered="3"/>
        <counter type="COMPLEXITY" missed="0" covered="1"/>
        <counter type="METHOD" missed="0" covered="1"/>
      </method>
      <counter type="INSTRUCTION" missed="0" covered="347"/>
      <counter type="BRANCH" missed="1" covered="39"/>
      <counter type="LINE" missed="0" covered="57"/>
      <counter type="COMPLEXITY" missed="1" covered="50"/>
      <counter type="METHOD" missed="0" covered="31"/>
      <counter type="CLASS" missed="0" covered="1"/>
    </class>
    <class name="com/equisoft/accountservice/domain/session/SessionRepository" sourcefilename="SessionRepository.kt"/>
    <class name="com/equisoft/accountservice/domain/session/SsoToken" sourcefilename="SsoToken.kt">
      <method name="getId" desc="()Lcom/equisoft/accountservice/domain/Id;" line="6">
        <counter type="INSTRUCTION" missed="0" covered="3"/>
        <counter type="LINE" missed="0" covered="1"/>
        <counter type="COMPLEXITY" missed="0" covered="1"/>
        <counter type="METHOD" missed="0" covered="1"/>
      </method>
      <method name="getValue" desc="()Ljava/lang/String;" line="7">
        <counter type="INSTRUCTION" missed="0" covered="3"/>
        <counter type="LINE" missed="0" covered="1"/>
        <counter type="COMPLEXITY" missed="0" covered="1"/>
        <counter type="METHOD" missed="0" covered="1"/>
      </method>
      <method name="&lt;init&gt;" desc="(Lcom/equisoft/accountservice/domain/Id;Ljava/lang/String;)V" line="5">
        <counter type="INSTRUCTION" missed="0" covered="15"/>
        <counter type="LINE" missed="0" covered="1"/>
        <counter type="COMPLEXITY" missed="0" covered="1"/>
        <counter type="METHOD" missed="0" covered="1"/>
      </method>
      <counter type="INSTRUCTION" missed="0" covered="21"/>
      <counter type="LINE" missed="0" covered="3"/>
      <counter type="COMPLEXITY" missed="0" covered="3"/>
      <counter type="METHOD" missed="0" covered="3"/>
      <counter type="CLASS" missed="0" covered="1"/>
    </class>
    <class name="com/equisoft/accountservice/domain/session/SessionDefaults" sourcefilename="SessionDefaults.kt"/>
    <class name="com/equisoft/accountservice/domain/session/SessionIdGenerator" sourcefilename="SessionIdGenerator.kt"/>
    <class name="com/equisoft/accountservice/domain/session/SessionFactory" sourcefilename="SessionFactory.kt">
      <method name="createSession" desc="(Lcom/equisoft/accountservice/domain/account/UserAccount;ZZLjava/time/Clock;)Lcom/equisoft/accountservice/domain/session/Session;" line="25">
        <counter type="INSTRUCTION" missed="0" covered="52"/>
        <counter type="LINE" missed="0" covered="6"/>
        <counter type="COMPLEXITY" missed="0" covered="1"/>
        <counter type="METHOD" missed="0" covered="1"/>
      </method>
      <method name="createSession$default" desc="(Lcom/equisoft/accountservice/domain/session/SessionFactory;Lcom/equisoft/accountservice/domain/account/UserAccount;ZZLjava/time/Clock;ILjava/lang/Object;)Lcom/equisoft/accountservice/domain/session/Session;" line="23">
        <counter type="INSTRUCTION" missed="0" covered="15"/>
        <counter type="LINE" missed="0" covered="1"/>
        <counter type="COMPLEXITY" missed="0" covered="1"/>
        <counter type="METHOD" missed="0" covered="1"/>
      </method>
      <method name="getExpireAt" desc="(Lcom/equisoft/accountservice/domain/account/UserAccount;ZZLjava/time/OffsetDateTime;)Ljava/time/OffsetDateTime;" line="38">
        <counter type="INSTRUCTION" missed="0" covered="43"/>
        <counter type="BRANCH" missed="0" covered="8"/>
        <counter type="LINE" missed="0" covered="7"/>
        <counter type="COMPLEXITY" missed="0" covered="5"/>
        <counter type="METHOD" missed="0" covered="1"/>
      </method>
      <method name="getLegacyExpirationDateTime" desc="(Ljava/time/OffsetDateTime;)Ljava/time/OffsetDateTime;" line="48">
        <counter type="INSTRUCTION" missed="0" covered="23"/>
        <counter type="BRANCH" missed="0" covered="2"/>
        <counter type="LINE" missed="0" covered="4"/>
        <counter type="COMPLEXITY" missed="0" covered="2"/>
        <counter type="METHOD" missed="0" covered="1"/>
      </method>
      <method name="getIdleTimeout" desc="(Lcom/equisoft/accountservice/domain/account/UserAccount;ZZ)Ljava/time/Duration;" line="59">
        <counter type="INSTRUCTION" missed="0" covered="23"/>
        <counter type="BRANCH" missed="0" covered="6"/>
        <counter type="LINE" missed="0" covered="6"/>
        <counter type="COMPLEXITY" missed="0" covered="4"/>
        <counter type="METHOD" missed="0" covered="1"/>
      </method>
      <method name="&lt;init&gt;" desc="(Lcom/equisoft/accountservice/domain/session/SessionIdGenerator;Lcom/equisoft/accountservice/domain/session/SessionDefaults;)V" line="10">
        <counter type="INSTRUCTION" missed="0" covered="15"/>
        <counter type="LINE" missed="0" covered="1"/>
        <counter type="COMPLEXITY" missed="0" covered="1"/>
        <counter type="METHOD" missed="0" covered="1"/>
      </method>
      <counter type="INSTRUCTION" missed="0" covered="171"/>
      <counter type="BRANCH" missed="0" covered="16"/>
      <counter type="LINE" missed="0" covered="25"/>
      <counter type="COMPLEXITY" missed="0" covered="14"/>
      <counter type="METHOD" missed="0" covered="6"/>
      <counter type="CLASS" missed="0" covered="1"/>
    </class>
    <class name="com/equisoft/accountservice/domain/session/SessionFactory$Companion" sourcefilename="SessionFactory.kt"/>
    <class name="com/equisoft/accountservice/domain/session/SessionState" sourcefilename="SessionState.kt"/>
    <sourcefile name="Session.kt">
      <line nr="18" mi="0" ci="11" mb="0" cb="0"/>
[...]
        <counter type="COMPLEXITY" missed="1" covered="0"/>
        <counter type="METHOD" missed="1" covered="0"/>
      </method>
      <method name="getPasswordLastUpdatedAt" desc="()Ljava/time/OffsetDateTime;" line="43">
        <counter type="INSTRUCTION" missed="3" covered="0"/>
        <counter type="LINE" missed="1" covered="0"/>
        <counter type="COMPLEXITY" missed="1" covered="0"/>
        <counter type="METHOD" missed="1" covered="0"/>
      </method>
      <method name="getPasswordResetRequired" desc="()Z" line="44">
        <counter type="INSTRUCTION" missed="0" covered="3"/>
        <counter type="LINE" missed="0" covered="1"/>
        <counter type="COMPLEXITY" missed="0" covered="1"/>
        <counter type="METHOD" missed="0" covered="1"/>
      </method>
      <method name="setPasswordResetRequired" desc="(Z)V" line="44">
        <counter type="INSTRUCTION" missed="0" covered="4"/>
        <counter type="LINE" missed="0" covered="1"/>
        <counter type="COMPLEXITY" missed="0" covered="1"/>
        <counter type="METHOD" missed="0" covered="1"/>
      </method>
      <method name="getConfirmationRequired" desc="()Z" line="45">
        <counter type="INSTRUCTION" missed="3" covered="0"/>
        <counter type="LINE" missed="1" covered="0"/>
        <counter type="COMPLEXITY" missed="1" covered="0"/>
        <counter type="METHOD" missed="1" covered="0"/>
      </method>
      <method name="getConfirmationHash" desc="()Ljava/lang/String;" line="46">
        <counter type="INSTRUCTION" missed="3" covered="0"/>
        <counter type="LINE" missed="1" covered="0"/>
        <counter type="COMPLEXITY" missed="1" covered="0"/>
        <counter type="METHOD" missed="1" covered="0"/>
      </method>
      <method name="getConfirmationExpired" desc="()Ljava/time/OffsetDateTime;" line="47">
        <counter type="INSTRUCTION" missed="3" covered="0"/>
        <counter type="LINE" missed="1" covered="0"/>
        <counter type="COMPLEXITY" missed="1" covered="0"/>
        <counter type="METHOD" missed="1" covered="0"/>
      </method>
      <method name="getUserAgreementRequested" desc="()Z" line="48">
        <counter type="INSTRUCTION" missed="0" covered="3"/>
        <counter type="LINE" missed="0" covered="1"/>
        <counter type="COMPLEXITY" missed="0" covered="1"/>
        <counter type="METHOD" missed="0" covered="1"/>
      </method>
      <method name="setUserAgreementRequested" desc="(Z)V" line="48">
        <counter type="INSTRUCTION" missed="0" covered="4"/>
        <counter type="LINE" missed="0" covered="1"/>
        <counter type="COMPLEXITY" missed="0" covered="1"/>
        <counter type="METHOD" missed="0" covered="1"/>
      </method>
      <method name="getCrmIaRole" desc="()Ljava/lang/String;" line="49">
        <counter type="INSTRUCTION" missed="3" covered="0"/>
        <counter type="LINE" missed="1" covered="0"/>
        <counter type="COMPLEXITY" missed="1" covered="0"/>
        <counter type="METHOD" missed="1" covered="0"/>
      </method>
      <method name="getCrmAssistantForUserId" desc="()Lcom/equisoft/accountservice/domain/Id;" line="50">
        <counter type="INSTRUCTION" missed="3" covered="0"/>
        <counter type="LINE" missed="1" covered="0"/>
        <counter type="COMPLEXITY" missed="1" covered="0"/>
        <counter type="METHOD" missed="1" covered="0"/>
      </method>
      <method name="getSessionIdleTimeout" desc="()Ljava/time/Duration;" line="51">
        <counter type="INSTRUCTION" missed="0" covered="3"/>
        <counter type="LINE" missed="0" covered="1"/>
        <counter type="COMPLEXITY" missed="0" covered="1"/>
        <counter type="METHOD" missed="0" covered="1"/>
      </method>
      <method name="setSessionIdleTimeout" desc="(Ljava/time/Duration;)V" line="51">
        <counter type="INSTRUCTION" missed="0" covered="4"/>
        <counter type="LINE" missed="0" covered="1"/>
        <counter type="COMPLEXITY" missed="0" covered="1"/>
        <counter type="METHOD" missed="0" covered="1"/>
      </method>
      <method name="getSessionAbsoluteTimeout" desc="()Ljava/time/Duration;" line="52">
        <counter type="INSTRUCTION" missed="0" covered="3"/>
        <counter type="LINE" missed="0" covered="1"/>
        <counter type="COMPLEXITY" missed="0" covered="1"/>
        <counter type="METHOD" missed="0" covered="1"/>
      </method>
      <method name="setSessionAbsoluteTimeout" desc="(Ljava/time/Duration;)V" line="52">
        <counter type="INSTRUCTION" missed="0" covered="4"/>
        <counter type="LINE" missed="0" covered="1"/>
        <counter type="COMPLEXITY" missed="0" covered="1"/>
        <counter type="METHOD" missed="0" covered="1"/>
      </method>
      <method name="getServices" desc="()Ljava/util/List;" line="56">
        <counter type="INSTRUCTION" missed="0" covered="17"/>
        <counter type="BRANCH" missed="0" covered="2"/>
        <counter type="LINE" missed="0" covered="3"/>
        <counter type="COMPLEXITY" missed="0" covered="2"/>
        <counter type="METHOD" missed="0" covered="1"/>
      </method>
      <method name="getState" desc="()Lcom/equisoft/accountservice/domain/account/UserState;" line="61">
        <counter type="INSTRUCTION" missed="2" covered="10"/>
        <counter type="BRANCH" missed="1" covered="3"/>
        <counter type="LINE" missed="0" covered="3"/>
        <counter type="COMPLEXITY" missed="1" covered="2"/>
        <counter type="METHOD" missed="0" covered="1"/>
      </method>
      <method name="getRoleKeys" desc="()Ljava/util/Set;" line="65">
        <counter type="INSTRUCTION" missed="15" covered="0"/>
        <counter type="LINE" missed="1" covered="0"/>
        <counter type="COMPLEXITY" missed="1" covered="0"/>
        <counter type="METHOD" missed="1" covered="0"/>
      </method>
      <method name="hasPermission" desc="(Lcom/equisoft/accountservice/domain/account/Permission;)Z" line="67">
        <counter type="INSTRUCTION" missed="0" covered="16"/>
        <counter type="BRANCH" missed="0" covered="2"/>
        <counter type="LINE" missed="0" covered="3"/>
        <counter type="COMPLEXITY" missed="0" covered="2"/>
        <counter type="METHOD" missed="0" covered="1"/>
      </method>
      <method name="addService" desc="(Lcom/equisoft/accountservice/domain/service/ServiceAccess;)V" line="72">
        <counter type="INSTRUCTION" missed="0" covered="9"/>
        <counter type="LINE" missed="0" covered="2"/>
        <counter type="COMPLEXITY" missed="0" covered="1"/>
        <counter type="METHOD" missed="0" covered="1"/>
      </method>
      <method name="hasService" desc="(Lkotlin/reflect/KClass;)Z" line="75">
        <counter type="INSTRUCTION" missed="0" covered="18"/>
        <counter type="BRANCH" missed="0" covered="2"/>
        <counter type="LINE" missed="0" covered="1"/>
        <counter type="COMPLEXITY" missed="0" covered="2"/>
        <counter type="METHOD" missed="0" covered="1"/>
      </method>
      <method name="getService" desc="(Lkotlin/reflect/KClass;)Lcom/equisoft/accountservice/domain/service/ServiceAccess;" line="78">
        <counter type="INSTRUCTION" missed="0" covered="12"/>
        <counter type="LINE" missed="0" covered="1"/>
        <counter type="COMPLEXITY" missed="0" covered="1"/>
        <counter type="METHOD" missed="0" covered="1"/>
      </method>
      <method name="getMaxConcurrentAccessForEquisoftConnect" desc="()I" line="81">
        <counter type="INSTRUCTION" missed="0" covered="12"/>
        <counter type="BRANCH" missed="0" covered="2"/>
        <counter type="LINE" missed="0" covered="1"/>
        <counter type="COMPLEXITY" missed="0" covered="2"/>
        <counter type="METHOD" missed="0" covered="1"/>
      </method>
      <method name="&lt;init&gt;" desc="()V" line="11">
        <counter type="INSTRUCTION" missed="0" covered="48"/>
        <counter type="LINE" missed="0" covered="11"/>
        <counter type="COMPLEXITY" missed="0" covered="1"/>
        <counter type="METHOD" missed="0" covered="1"/>
      </method>
      <counter type="INSTRUCTION" missed="98" covered="194"/>
      <counter type="BRANCH" missed="1" covered="11"/>
      <counter type="LINE" missed="21" covered="29"/>
      <counter type="COMPLEXITY" missed="29" covered="26"/>
      <counter type="METHOD" missed="28" covered="21"/>
      <counter type="CLASS" missed="0" covered="1"/>
    </class>
    <sourcefile name="Permission.kt"/>
    <sourcefile name="UserAccount.kt">
      <line nr="11" mi="0" ci="2" mb="0" cb="0"/>
      <line nr="16" mi="3" ci="8" mb="0" cb="0"/>
      <line nr="18" mi="0" ci="11" mb="0" cb="0"/>
      <line nr="21" mi="3" ci="3" mb="0" cb="0"/>
      <line nr="22" mi="0" ci="9" mb="0" cb="0"/>
      <line nr="24" mi="3" ci="3" mb="0" cb="0"/>
      <line nr="25" mi="3" ci="3" mb="0" cb="0"/>
      <line nr="26" mi="3" ci="0" mb="0" cb="0"/>
      <line nr="27" mi="3" ci="3" mb="0" cb="0"/>
      <line nr="28" mi="3" ci="7" mb="0" cb="0"/>
      <line nr="29" mi="3" ci="0" mb="0" cb="0"/>
      <line nr="30" mi="3" ci="0" mb="0" cb="0"/>
      <line nr="31" mi="3" ci="0" mb="0" cb="0"/>
      <line nr="32" mi="3" ci="0" mb="0" cb="0"/>
      <line nr="33" mi="3" ci="0" mb="0" cb="0"/>
      <line nr="34" mi="3" ci="0" mb="0" cb="0"/>
      <line nr="35" mi="3" ci="0" mb="0" cb="0"/>
      <line nr="36" mi="3" ci="0" mb="0" cb="0"/>
      <line nr="37" mi="3" ci="0" mb="0" cb="0"/>
      <line nr="38" mi="3" ci="0" mb="0" cb="0"/>
      <line nr="39" mi="3" ci="0" mb="0" cb="0"/>
      <line nr="40" mi="3" ci="0" mb="0" cb="0"/>
      <line nr="41" mi="3" ci="0" mb="0" cb="0"/>
      <line nr="42" mi="3" ci="0" mb="0" cb="0"/>
      <line nr="43" mi="3" ci="0" mb="0" cb="0"/>
      <line nr="44" mi="0" ci="7" mb="0" cb="0"/>
      <line nr="45" mi="3" ci="0" mb="0" cb="0"/>
      <line nr="46" mi="3" ci="0" mb="0" cb="0"/>
      <line nr="47" mi="3" ci="0" mb="0" cb="0"/>
      <line nr="48" mi="0" ci="7" mb="0" cb="0"/>
      <line nr="49" mi="3" ci="0" mb="0" cb="0"/>
      <line nr="50" mi="3" ci="4" mb="0" cb="0"/>
      <line nr="51" mi="0" ci="7" mb="0" cb="0"/>
      <line nr="52" mi="0" ci="7" mb="0" cb="0"/>
      <line nr="54" mi="0" ci="13" mb="0" cb="0"/>
      <line nr="56" mi="0" ci="4" mb="0" cb="2"/>
      <line nr="57" mi="0" ci="10" mb="0" cb="0"/>
      <line nr="58" mi="0" ci="3" mb="0" cb="0"/>
      <line nr="61" mi="2" ci="3" mb="1" cb="1"/>
      <line nr="62" mi="0" ci="5" mb="0" cb="2"/>
      <line nr="63" mi="0" ci="2" mb="0" cb="0"/>
      <line nr="65" mi="15" ci="0" mb="0" cb="0"/>
      <line nr="67" mi="0" ci="6" mb="0" cb="0"/>
      <line nr="68" mi="0" ci="6" mb="0" cb="2"/>
      <line nr="69" mi="0" ci="1" mb="0" cb="0"/>
      <line nr="72" mi="0" ci="5" mb="0" cb="0"/>
      <line nr="73" mi="0" ci="1" mb="0" cb="0"/>
      <line nr="75" mi="0" ci="15" mb="0" cb="2"/>
      <line nr="78" mi="0" ci="9" mb="0" cb="0"/>
      <line nr="81" mi="0" ci="12" mb="0" cb="2"/>
      <counter type="INSTRUCTION" missed="98" covered="194"/>
      <counter type="BRANCH" missed="1" covered="11"/>
      <counter type="LINE" missed="21" covered="29"/>
      <counter type="COMPLEXITY" missed="29" covered="26"/>
      <counter type="METHOD" missed="28" covered="21"/>
      <counter type="CLASS" missed="0" covered="1"/>
    </sourcefile>
    <sourcefile name="Language.kt"/>
    <sourcefile name="Role.kt">
      <line nr="8" mi="3" ci="5" mb="0" cb="0"/>
      <line nr="24" mi="2" ci="6" mb="0" cb="0"/>
      <line nr="25" mi="0" ci="16" mb="0" cb="0"/>
      <line nr="26" mi="0" ci="16" mb="0" cb="0"/>
      <line nr="27" mi="0" ci="16" mb="0" cb="0"/>
      <line nr="28" mi="0" ci="16" mb="0" cb="0"/>
      <line nr="29" mi="0" ci="16" mb="0" cb="0"/>
      <line nr="30" mi="0" ci="16" mb="0" cb="0"/>
      <line nr="31" mi="0" ci="16" mb="0" cb="0"/>
      <line nr="32" mi="0" ci="16" mb="0" cb="0"/>
      <line nr="33" mi="0" ci="16" mb="0" cb="0"/>
      <line nr="34" mi="0" ci="7" mb="0" cb="0"/>
      <line nr="35" mi="0" ci="6" mb="0" cb="0"/>
      <line nr="38" mi="3" ci="4" mb="0" cb="0"/>
      <line nr="39" mi="3" ci="10" mb="0" cb="0"/>
      <line nr="42" mi="4" ci="9" mb="1" cb="1"/>
      <line nr="44" mi="0" ci="5" mb="0" cb="0"/>
      <counter type="INSTRUCTION" missed="15" covered="207"/>
      <counter type="BRANCH" missed="1" covered="1"/>
      <counter type="LINE" missed="0" covered="17"/>
      <counter type="COMPLEXITY" missed="5" covered="4"/>
      <counter type="METHOD" missed="4" covered="4"/>
      <counter type="CLASS" missed="1" covered="1"/>
    </sourcefile>
    <sourcefile name="UserState.kt"/>
    <sourcefile name="UserAccountRepository.kt"/>
    <counter type="INSTRUCTION" missed="113" covered="401"/>
    <counter type="BRANCH" missed="2" covered="12"/>
    <counter type="LINE" missed="21" covered="46"/>
    <counter type="COMPLEXITY" missed="34" covered="30"/>
    <counter type="METHOD" missed="32" covered="25"/>
    <counter type="CLASS" missed="1" covered="2"/>
  </package>
  <package name="com/equisoft/accountservice/context/interfaces/http/rest">
    <class name="com/equisoft/accountservice/context/interfaces/http/rest/SwaggerConfig$URIConfig$Companion" sourcefilename="SwaggerConfig.kt"/>
    <class name="com/equisoft/accountservice/context/interfaces/http/rest/SwaggerConfig" sourcefilename="SwaggerConfig.kt">
      <method name="getVersion" desc="()Ljava/lang/String;" line="11">
        <counter type="INSTRUCTION" missed="3" covered="0"/>
        <counter type="LINE" missed="1" covered="0"/>
        <counter type="COMPLEXITY" missed="1" covered="0"/>
        <counter type="METHOD" missed="1" covered="0"/>
      </method>
      <method name="setVersion" desc="(Ljava/lang/String;)V" line="11">
        <counter type="INSTRUCTION" missed="4" covered="0"/>
        <counter type="LINE" missed="1" covered="0"/>
        <counter type="COMPLEXITY" missed="1" covered="0"/>
        <counter type="METHOD" missed="1" covered="0"/>
      </method>
      <method name="getLayout" desc="()Ljava/lang/String;" line="12">
        <counter type="INSTRUCTION" missed="3" covered="0"/>
        <counter type="LINE" missed="1" covered="0"/>
        <counter type="COMPLEXITY" missed="1" covered="0"/>
        <counter type="METHOD" missed="1" covered="0"/>
      </method>
      <method name="setLayout" desc="(Ljava/lang/String;)V" line="12">
        <counter type="INSTRUCTION" missed="4" covered="0"/>
        <counter type="LINE" missed="1" covered="0"/>
        <counter type="COMPLEXITY" missed="1" covered="0"/>
        <counter type="METHOD" missed="1" covered="0"/>
      </method>
      <method name="isDeepLinking" desc="()Z" line="13">
        <counter type="INSTRUCTION" missed="3" covered="0"/>
        <counter type="LINE" missed="1" covered="0"/>
        <counter type="COMPLEXITY" missed="1" covered="0"/>
        <counter type="METHOD" missed="1" covered="0"/>
      </method>
      <method name="setDeepLinking" desc="(Z)V" line="13">
        <counter type="INSTRUCTION" missed="4" covered="0"/>
        <counter type="LINE" missed="1" covered="0"/>
        <counter type="COMPLEXITY" missed="1" covered="0"/>
        <counter type="METHOD" missed="1" covered="0"/>
      </method>
      <method name="getUrls" desc="()Ljava/util/List;" line="14">
        <counter type="INSTRUCTION" missed="3" covered="0"/>
        <counter type="LINE" missed="1" covered="0"/>
        <counter type="COMPLEXITY" missed="1" covered="0"/>
        <counter type="METHOD" missed="1" covered="0"/>
      </method>
      <method name="setUrls" desc="(Ljava/util/List;)V" line="14">
        <counter type="INSTRUCTION" missed="4" covered="0"/>
        <counter type="LINE" missed="1" covered="0"/>
        <counter type="COMPLEXITY" missed="1" covered="0"/>
        <counter type="METHOD" missed="1" covered="0"/>
      </method>
      <method name="&lt;init&gt;" desc="()V" line="6">
        <counter type="INSTRUCTION" missed="3" covered="0"/>
        <counter type="LINE" missed="1" covered="0"/>
        <counter type="COMPLEXITY" missed="1" covered="0"/>
        <counter type="METHOD" missed="1" covered="0"/>
      </method>
      <counter type="INSTRUCTION" missed="31" covered="0"/>
      <counter type="LINE" missed="5" covered="0"/>
      <counter type="COMPLEXITY" missed="9" covered="0"/>
      <counter type="METHOD" missed="9" covered="0"/>
      <counter type="CLASS" missed="1" covered="0"/>
    </class>
    <class name="com/equisoft/accountservice/context/interfaces/http/rest/SwaggerConfig$URIConfig" sourcefilename="SwaggerConfig.kt">
      <method name="getName" desc="()Ljava/lang/String;" line="22">
        <counter type="INSTRUCTION" missed="3" covered="0"/>
        <counter type="LINE" missed="1" covered="0"/>
        <counter type="COMPLEXITY" missed="1" covered="0"/>
        <counter type="METHOD" missed="1" covered="0"/>
      </method>
      <method name="setName" desc="(Ljava/lang/String;)V" line="22">
        <counter type="INSTRUCTION" missed="4" covered="0"/>
        <counter type="LINE" missed="1" covered="0"/>
        <counter type="COMPLEXITY" missed="1" covered="0"/>
        <counter type="METHOD" missed="1" covered="0"/>
      </method>
      <method name="getUrl" desc="()Ljava/lang/String;" line="23">
        <counter type="INSTRUCTION" missed="3" covered="0"/>
        <counter type="LINE" missed="1" covered="0"/>
        <counter type="COMPLEXITY" missed="1" covered="0"/>
        <counter type="METHOD" missed="1" covered="0"/>
      </method>
      <method name="setUrl" desc="(Ljava/lang/String;)V" line="23">
        <counter type="INSTRUCTION" missed="4" covered="0"/>
        <counter type="LINE" missed="1" covered="0"/>
        <counter type="COMPLEXITY" missed="1" covered="0"/>
        <counter type="METHOD" missed="1" covered="0"/>
      </method>
      <method name="&lt;init&gt;" desc="()V" line="17">
        <counter type="INSTRUCTION" missed="3" covered="0"/>
        <counter type="LINE" missed="1" covered="0"/>
        <counter type="COMPLEXITY" missed="1" covered="0"/>
        <counter type="METHOD" missed="1" covered="0"/>
      </method>
      <counter type="INSTRUCTION" missed="17" covered="0"/>
      <counter type="LINE" missed="3" covered="0"/>
      <counter type="COMPLEXITY" missed="5" covered="0"/>
      <counter type="METHOD" missed="5" covered="0"/>
      <counter type="CLASS" missed="1" covered="0"/>
    </class>
    <class name="com/equisoft/accountservice/context/interfaces/http/rest/SwaggerConfig$Companion" sourcefilename="SwaggerConfig.kt"/>
    <sourcefile name="SwaggerConfig.kt">
      <line nr="6" mi="3" ci="0" mb="0" cb="0"/>
      <line nr="11" mi="7" ci="0" mb="0" cb="0"/>
      <line nr="12" mi="7" ci="0" mb="0" cb="0"/>
      <line nr="13" mi="7" ci="0" mb="0" cb="0"/>
      <line nr="14" mi="7" ci="0" mb="0" cb="0"/>
      <line nr="17" mi="3" ci="0" mb="0" cb="0"/>
      <line nr="22" mi="7" ci="0" mb="0" cb="0"/>
      <line nr="23" mi="7" ci="0" mb="0" cb="0"/>
      <counter type="INSTRUCTION" missed="48" covered="0"/>
      <counter type="LINE" missed="8" covered="0"/>
      <counter type="COMPLEXITY" missed="14" covered="0"/>
      <counter type="METHOD" missed="14" covered="0"/>
      <counter type="CLASS" missed="2" covered="0"/>
    </sourcefile>
    <counter type="INSTRUCTION" missed="48" covered="0"/>
    <counter type="LINE" missed="8" covered="0"/>
    <counter type="COMPLEXITY" missed="14" covered="0"/>
    <counter type="METHOD" missed="14" covered="0"/>
    <counter type="CLASS" missed="2" covered="0"/>
  </package>
  <counter type="INSTRUCTION" missed="2778" covered="1771"/>
  <counter type="BRANCH" missed="130" covered="118"/>
  <counter type="LINE" missed="415" covered="269"/>
  <counter type="COMPLEXITY" missed="328" covered="186"/>
  <counter type="METHOD" missed="252" covered="132"/>
  <counter type="CLASS" missed="49" covered="30"/>
</report>
